;  LST file generated by mikroListExporter - v.2.0 
; Date/Time: 1/21/2025 6:01:14 PM
;----------------------------------------------

;Address Opcode 	ASM
0x0000	0x2CCA      	GOTO       1226
_RES032:
;__Lib_MathDouble.c,123 :: 		
;__Lib_MathDouble.c,128 :: 		
0x0003	0x01F2      	CLRF       R2
;__Lib_MathDouble.c,129 :: 		
0x0004	0x01F1      	CLRF       R1
;__Lib_MathDouble.c,130 :: 		
0x0005	0x01F0      	CLRF       R0
;__Lib_MathDouble.c,131 :: 		
0x0006	0x01F8      	CLRF       R8
;__Lib_MathDouble.c,132 :: 		
0x0007	0x01F3      	CLRF       R3
;__Lib_MathDouble.c,133 :: 		
0x0008	0x3000      	MOVLW      0
;__Lib_MathDouble.c,135 :: 		
L_end_RES032:
0x0009	0x0008      	RETURN
; end of _RES032
_SETFUN32:
;__Lib_MathDouble.c,138 :: 		
;__Lib_MathDouble.c,145 :: 		
0x000A	0x157B      	BSF        R11, 2
;__Lib_MathDouble.c,146 :: 		
0x000B	0x1FFB      	BTFSS      R11, 7
;__Lib_MathDouble.c,147 :: 		
0x000C	0x2814      	GOTO       SETFUN32EEE
;__Lib_MathDouble.c,148 :: 		
0x000D	0x3001      	MOVLW      1
;__Lib_MathDouble.c,149 :: 		
0x000E	0x00F3      	MOVWF      R3
;__Lib_MathDouble.c,150 :: 		
0x000F	0x01F2      	CLRF       R2
;__Lib_MathDouble.c,151 :: 		
0x0010	0x01F1      	CLRF       R1
;__Lib_MathDouble.c,152 :: 		
0x0011	0x01F0      	CLRF       R0
;__Lib_MathDouble.c,153 :: 		
0x0012	0x0DFA      	RLF        R10, 1
;__Lib_MathDouble.c,154 :: 		
0x0013	0x0CF2      	RRF        R2, 1
;__Lib_MathDouble.c,155 :: 		
SETFUN32EEE:
;__Lib_MathDouble.c,156 :: 		
0x0014	0x30FF      	MOVLW      255
;__Lib_MathDouble.c,158 :: 		
L_end_SETFUN32:
0x0015	0x0008      	RETURN
; end of _SETFUN32
_FIXSIGN32:
;__Lib_MathDouble.c,112 :: 		
;__Lib_MathDouble.c,116 :: 		
0x0016	0x1FFA      	BTFSS      R10, 7
;__Lib_MathDouble.c,117 :: 		
0x0017	0x13F2      	BCF        R2, 7
;__Lib_MathDouble.c,118 :: 		
0x0018	0x3000      	MOVLW      0
;__Lib_MathDouble.c,120 :: 		
L_end_FIXSIGN32:
0x0019	0x0008      	RETURN
; end of _FIXSIGN32
_SETFOV32:
;__Lib_MathDouble.c,79 :: 		
;__Lib_MathDouble.c,86 :: 		
0x001A	0x14FB      	BSF        R11, 1
;__Lib_MathDouble.c,87 :: 		
0x001B	0x1FFB      	BTFSS      R11, 7
;__Lib_MathDouble.c,88 :: 		
0x001C	0x2824      	GOTO       SETFOV32EEE
;__Lib_MathDouble.c,89 :: 		
0x001D	0x30FF      	MOVLW      255
;__Lib_MathDouble.c,90 :: 		
0x001E	0x00F3      	MOVWF      R3
;__Lib_MathDouble.c,91 :: 		
0x001F	0x00F2      	MOVWF      R2
;__Lib_MathDouble.c,92 :: 		
0x0020	0x00F1      	MOVWF      R1
;__Lib_MathDouble.c,93 :: 		
0x0021	0x00F0      	MOVWF      R0
;__Lib_MathDouble.c,94 :: 		
0x0022	0x0DFA      	RLF        R10, 1
;__Lib_MathDouble.c,95 :: 		
0x0023	0x0CF2      	RRF        R2, 1
;__Lib_MathDouble.c,96 :: 		
SETFOV32EEE:
;__Lib_MathDouble.c,97 :: 		
0x0024	0x30FF      	MOVLW      255
;__Lib_MathDouble.c,99 :: 		
L_end_SETFOV32:
0x0025	0x0008      	RETURN
; end of _SETFOV32
_Delay_22us:
;__Lib_Delays.c,15 :: 		void Delay_22us() {
;__Lib_Delays.c,16 :: 		Delay_us(22);
0x0026	0x3007      	MOVLW      7
0x0027	0x1283      	BCF        STATUS, 5
0x0028	0x00FD      	MOVWF      R13
L_Delay_22us1:
0x0029	0x0BFD      	DECFSZ     R13, 1
0x002A	0x2829      	GOTO       L_Delay_22us1
;__Lib_Delays.c,17 :: 		}
L_end_Delay_22us:
0x002B	0x0008      	RETURN
; end of _Delay_22us
_NRM3232:
;__Lib_MathDouble.c,167 :: 		
;__Lib_MathDouble.c,173 :: 		
;__Lib_MathDouble.c,175 :: 		
0x002C	0x01A0      	CLRF       __math_tempbD
;__Lib_MathDouble.c,176 :: 		
0x002D	0x0872      	MOVF       R2, 0
;__Lib_MathDouble.c,177 :: 		
0x002E	0x1D03      	BTFSS      STATUS, 2
;__Lib_MathDouble.c,178 :: 		
0x002F	0x2841      	GOTO       NORM3232
;__Lib_MathDouble.c,179 :: 		
0x0030	0x0871      	MOVF       R1, 0
;__Lib_MathDouble.c,180 :: 		
0x0031	0x00F2      	MOVWF      R2
;__Lib_MathDouble.c,181 :: 		
0x0032	0x0870      	MOVF       R0, 0
;__Lib_MathDouble.c,182 :: 		
0x0033	0x00F1      	MOVWF      R1
;__Lib_MathDouble.c,183 :: 		
0x0034	0x01F0      	CLRF       R0
;__Lib_MathDouble.c,184 :: 		
0x0035	0x15A0      	BSF        __math_tempbD, 3
;__Lib_MathDouble.c,186 :: 		
0x0036	0x0872      	MOVF       R2, 0
;__Lib_MathDouble.c,187 :: 		
0x0037	0x1D03      	BTFSS      STATUS, 2
;__Lib_MathDouble.c,188 :: 		
0x0038	0x2841      	GOTO       NORM3232
;__Lib_MathDouble.c,189 :: 		
0x0039	0x0871      	MOVF       R1, 0
;__Lib_MathDouble.c,190 :: 		
0x003A	0x00F2      	MOVWF      R2
;__Lib_MathDouble.c,191 :: 		
0x003B	0x01F1      	CLRF       R1
;__Lib_MathDouble.c,192 :: 		
0x003C	0x11A0      	BCF        __math_tempbD, 3
;__Lib_MathDouble.c,193 :: 		
0x003D	0x1620      	BSF        __math_tempbD, 4
;__Lib_MathDouble.c,195 :: 		
0x003E	0x0872      	MOVF       R2, 0
;__Lib_MathDouble.c,196 :: 		
0x003F	0x1903      	BTFSC      STATUS, 2
;__Lib_MathDouble.c,197 :: 		
0x0040	0x284F      	GOTO       JPNRES032
;__Lib_MathDouble.c,198 :: 		
NORM3232:
;__Lib_MathDouble.c,199 :: 		
0x0041	0x0820      	MOVF       __math_tempbD, 0
;__Lib_MathDouble.c,200 :: 		
0x0042	0x02F3      	SUBWF      R3, 1
;__Lib_MathDouble.c,201 :: 		
0x0043	0x1D03      	BTFSS      STATUS, 2
;__Lib_MathDouble.c,202 :: 		
0x0044	0x1C03      	BTFSS      STATUS, 0
;__Lib_MathDouble.c,203 :: 		
0x0045	0x2853      	GOTO       JPNSETFUN32
;__Lib_MathDouble.c,204 :: 		
0x0046	0x1003      	BCF        STATUS, 0
;__Lib_MathDouble.c,205 :: 		
NORM3232A:
;__Lib_MathDouble.c,206 :: 		
0x0047	0x1BF2      	BTFSC      R2, 7
;__Lib_MathDouble.c,207 :: 		
0x0048	0x2857      	GOTO       JMPNFIXSIGN32
;__Lib_MathDouble.c,208 :: 		
0x0049	0x0DF0      	RLF        R0, 1
;__Lib_MathDouble.c,209 :: 		
0x004A	0x0DF1      	RLF        R1, 1
;__Lib_MathDouble.c,210 :: 		
0x004B	0x0DF2      	RLF        R2, 1
;__Lib_MathDouble.c,211 :: 		
0x004C	0x0BF3      	DECFSZ     R3, 1
;__Lib_MathDouble.c,212 :: 		
0x004D	0x2847      	GOTO       NORM3232A
;__Lib_MathDouble.c,213 :: 		
0x004E	0x2853      	GOTO       JPNSETFUN32
;__Lib_MathDouble.c,214 :: 		
JPNRES032:
;__Lib_MathDouble.c,215 :: 		
0x004F	0x3001      	MOVLW      1
;__Lib_MathDouble.c,216 :: 		
0x0050	0x00FC      	MOVWF      R12
;__Lib_MathDouble.c,218 :: 		
0x0051	0x2003      	CALL       _RES032
;__Lib_MathDouble.c,220 :: 		
0x0052	0x285A      	GOTO       NORM32EEE
;__Lib_MathDouble.c,221 :: 		
JPNSETFUN32:
;__Lib_MathDouble.c,222 :: 		
0x0053	0x3002      	MOVLW      2
;__Lib_MathDouble.c,223 :: 		
0x0054	0x00FC      	MOVWF      R12
;__Lib_MathDouble.c,225 :: 		
0x0055	0x200A      	CALL       _SETFUN32
;__Lib_MathDouble.c,227 :: 		
0x0056	0x285A      	GOTO       NORM32EEE
;__Lib_MathDouble.c,228 :: 		
JMPNFIXSIGN32:
;__Lib_MathDouble.c,229 :: 		
0x0057	0x3004      	MOVLW      4
;__Lib_MathDouble.c,230 :: 		
0x0058	0x00FC      	MOVWF      R12
;__Lib_MathDouble.c,232 :: 		
0x0059	0x2016      	CALL       _FIXSIGN32
;__Lib_MathDouble.c,234 :: 		
NORM32EEE:
;__Lib_MathDouble.c,236 :: 		
L_end_NRM3232:
0x005A	0x0008      	RETURN
; end of _NRM3232
_NRM4032:
;__Lib_MathDouble.c,245 :: 		
;__Lib_MathDouble.c,252 :: 		
;__Lib_MathDouble.c,254 :: 		
0x005B	0x187C      	BTFSC      R12, 0
;__Lib_MathDouble.c,255 :: 		
0x005C	0x2891      	GOTO       NRMRND4032
;__Lib_MathDouble.c,256 :: 		
0x005D	0x18FC      	BTFSC      R12, 1
;__Lib_MathDouble.c,257 :: 		
0x005E	0x2862      	GOTO       NRM4032
;__Lib_MathDouble.c,258 :: 		
0x005F	0x197C      	BTFSC      R12, 2
;__Lib_MathDouble.c,259 :: 		
0x0060	0x28B0      	GOTO       JMPSETFOV32
;__Lib_MathDouble.c,260 :: 		
0x0061	0x285B      	GOTO       $-6
;__Lib_MathDouble.c,261 :: 		
NRM4032:
;__Lib_MathDouble.c,262 :: 		
0x0062	0x01A0      	CLRF       __math_tempbD
;__Lib_MathDouble.c,263 :: 		
0x0063	0x0872      	MOVF       R2, 0
;__Lib_MathDouble.c,264 :: 		
0x0064	0x1D03      	BTFSS      STATUS, 2
;__Lib_MathDouble.c,265 :: 		
0x0065	0x2882      	GOTO       NORM4032
;__Lib_MathDouble.c,266 :: 		
0x0066	0x0871      	MOVF       R1, 0
;__Lib_MathDouble.c,267 :: 		
0x0067	0x00F2      	MOVWF      R2
;__Lib_MathDouble.c,268 :: 		
0x0068	0x0870      	MOVF       R0, 0
;__Lib_MathDouble.c,269 :: 		
0x0069	0x00F1      	MOVWF      R1
;__Lib_MathDouble.c,270 :: 		
0x006A	0x0878      	MOVF       R8, 0
;__Lib_MathDouble.c,271 :: 		
0x006B	0x00F0      	MOVWF      R0
;__Lib_MathDouble.c,272 :: 		
0x006C	0x01F8      	CLRF       R8
;__Lib_MathDouble.c,273 :: 		
0x006D	0x15A0      	BSF        __math_tempbD, 3
;__Lib_MathDouble.c,275 :: 		
0x006E	0x0872      	MOVF       R2, 0
;__Lib_MathDouble.c,276 :: 		
0x006F	0x1D03      	BTFSS      STATUS, 2
;__Lib_MathDouble.c,277 :: 		
0x0070	0x2882      	GOTO       NORM4032
;__Lib_MathDouble.c,278 :: 		
0x0071	0x0871      	MOVF       R1, 0
;__Lib_MathDouble.c,279 :: 		
0x0072	0x00F2      	MOVWF      R2
;__Lib_MathDouble.c,280 :: 		
0x0073	0x0870      	MOVF       R0, 0
;__Lib_MathDouble.c,281 :: 		
0x0074	0x00F1      	MOVWF      R1
;__Lib_MathDouble.c,282 :: 		
0x0075	0x01F0      	CLRF       R0
;__Lib_MathDouble.c,283 :: 		
0x0076	0x11A0      	BCF        __math_tempbD, 3
;__Lib_MathDouble.c,284 :: 		
0x0077	0x1620      	BSF        __math_tempbD, 4
;__Lib_MathDouble.c,286 :: 		
0x0078	0x0872      	MOVF       R2, 0
;__Lib_MathDouble.c,287 :: 		
0x0079	0x1D03      	BTFSS      STATUS, 2
;__Lib_MathDouble.c,288 :: 		
0x007A	0x2882      	GOTO       NORM4032
;__Lib_MathDouble.c,289 :: 		
0x007B	0x0871      	MOVF       R1, 0
;__Lib_MathDouble.c,290 :: 		
0x007C	0x00F2      	MOVWF      R2
;__Lib_MathDouble.c,291 :: 		
0x007D	0x01F1      	CLRF       R1
;__Lib_MathDouble.c,292 :: 		
0x007E	0x15A0      	BSF        __math_tempbD, 3
;__Lib_MathDouble.c,294 :: 		
0x007F	0x0872      	MOVF       R2, 0
;__Lib_MathDouble.c,295 :: 		
0x0080	0x1903      	BTFSC      STATUS, 2
;__Lib_MathDouble.c,296 :: 		
0x0081	0x28A4      	GOTO       JMPRES032
;__Lib_MathDouble.c,297 :: 		
NORM4032:
;__Lib_MathDouble.c,298 :: 		
0x0082	0x0820      	MOVF       __math_tempbD, 0
;__Lib_MathDouble.c,299 :: 		
0x0083	0x02F3      	SUBWF      R3, 1
;__Lib_MathDouble.c,300 :: 		
0x0084	0x1D03      	BTFSS      STATUS, 2
;__Lib_MathDouble.c,301 :: 		
0x0085	0x1C03      	BTFSS      STATUS, 0
;__Lib_MathDouble.c,302 :: 		
0x0086	0x28A8      	GOTO       JMPSETFUN32
;__Lib_MathDouble.c,303 :: 		
0x0087	0x1003      	BCF        STATUS, 0
;__Lib_MathDouble.c,304 :: 		
NORM4032A:
;__Lib_MathDouble.c,305 :: 		
0x0088	0x1BF2      	BTFSC      R2, 7
;__Lib_MathDouble.c,306 :: 		
0x0089	0x2891      	GOTO       NRMRND4032
;__Lib_MathDouble.c,307 :: 		
0x008A	0x0DF8      	RLF        R8, 1
;__Lib_MathDouble.c,308 :: 		
0x008B	0x0DF0      	RLF        R0, 1
;__Lib_MathDouble.c,309 :: 		
0x008C	0x0DF1      	RLF        R1, 1
;__Lib_MathDouble.c,310 :: 		
0x008D	0x0DF2      	RLF        R2, 1
;__Lib_MathDouble.c,311 :: 		
0x008E	0x0BF3      	DECFSZ     R3, 1
;__Lib_MathDouble.c,312 :: 		
0x008F	0x2888      	GOTO       NORM4032A
;__Lib_MathDouble.c,313 :: 		
0x0090	0x28A8      	GOTO       JMPSETFUN32
;__Lib_MathDouble.c,314 :: 		
NRMRND4032:
;__Lib_MathDouble.c,315 :: 		
0x0091	0x1B7B      	BTFSC      R11, 6
;__Lib_MathDouble.c,316 :: 		
0x0092	0x1C70      	BTFSS      R0, 0
;__Lib_MathDouble.c,317 :: 		
0x0093	0x28AC      	GOTO       JMPFIXSIGN32
;__Lib_MathDouble.c,318 :: 		
0x0094	0x1FF8      	BTFSS      R8, 7
;__Lib_MathDouble.c,319 :: 		
0x0095	0x28AC      	GOTO       JMPFIXSIGN32
;__Lib_MathDouble.c,320 :: 		
0x0096	0x0AF0      	INCF       R0, 1
;__Lib_MathDouble.c,321 :: 		
0x0097	0x1903      	BTFSC      STATUS, 2
;__Lib_MathDouble.c,322 :: 		
0x0098	0x0AF1      	INCF       R1, 1
;__Lib_MathDouble.c,323 :: 		
0x0099	0x1903      	BTFSC      STATUS, 2
;__Lib_MathDouble.c,324 :: 		
0x009A	0x0AF2      	INCF       R2, 1
;__Lib_MathDouble.c,325 :: 		
0x009B	0x1D03      	BTFSS      STATUS, 2
;__Lib_MathDouble.c,326 :: 		
0x009C	0x28AC      	GOTO       JMPFIXSIGN32
;__Lib_MathDouble.c,327 :: 		
0x009D	0x0CF2      	RRF        R2, 1
;__Lib_MathDouble.c,328 :: 		
0x009E	0x0CF1      	RRF        R1, 1
;__Lib_MathDouble.c,329 :: 		
0x009F	0x0CF0      	RRF        R0, 1
;__Lib_MathDouble.c,330 :: 		
0x00A0	0x0AF3      	INCF       R3, 1
;__Lib_MathDouble.c,331 :: 		
0x00A1	0x1903      	BTFSC      STATUS, 2
;__Lib_MathDouble.c,332 :: 		
0x00A2	0x28B0      	GOTO       JMPSETFOV32
;__Lib_MathDouble.c,333 :: 		
0x00A3	0x28AC      	GOTO       JMPFIXSIGN32
;__Lib_MathDouble.c,334 :: 		
JMPRES032:
;__Lib_MathDouble.c,335 :: 		
0x00A4	0x3001      	MOVLW      1
;__Lib_MathDouble.c,336 :: 		
0x00A5	0x00FC      	MOVWF      R12
;__Lib_MathDouble.c,338 :: 		
0x00A6	0x2003      	CALL       _RES032
;__Lib_MathDouble.c,340 :: 		
0x00A7	0x28B3      	GOTO       NRM4032EEE
;__Lib_MathDouble.c,341 :: 		
JMPSETFUN32:
;__Lib_MathDouble.c,342 :: 		
0x00A8	0x3002      	MOVLW      2
;__Lib_MathDouble.c,343 :: 		
0x00A9	0x00FC      	MOVWF      R12
;__Lib_MathDouble.c,345 :: 		
0x00AA	0x200A      	CALL       _SETFUN32
;__Lib_MathDouble.c,347 :: 		
0x00AB	0x28B3      	GOTO       NRM4032EEE
;__Lib_MathDouble.c,348 :: 		
JMPFIXSIGN32:
;__Lib_MathDouble.c,349 :: 		
0x00AC	0x3004      	MOVLW      4
;__Lib_MathDouble.c,350 :: 		
0x00AD	0x00FC      	MOVWF      R12
;__Lib_MathDouble.c,352 :: 		
0x00AE	0x2016      	CALL       _FIXSIGN32
;__Lib_MathDouble.c,354 :: 		
0x00AF	0x28B3      	GOTO       NRM4032EEE
;__Lib_MathDouble.c,355 :: 		
JMPSETFOV32:
;__Lib_MathDouble.c,356 :: 		
0x00B0	0x3008      	MOVLW      8
;__Lib_MathDouble.c,357 :: 		
0x00B1	0x00FC      	MOVWF      R12
;__Lib_MathDouble.c,359 :: 		
0x00B2	0x201A      	CALL       _SETFOV32
;__Lib_MathDouble.c,361 :: 		
NRM4032EEE:
;__Lib_MathDouble.c,362 :: 		
0x00B3	0x0000      	NOP
;__Lib_MathDouble.c,370 :: 		
L_end_NRM4032:
0x00B4	0x0008      	RETURN
; end of _NRM4032
_SETIOV3224:
;__Lib_MathDouble.c,1000 :: 		
;__Lib_MathDouble.c,1006 :: 		
0x00B5	0x147B      	BSF        R11, 0
;__Lib_MathDouble.c,1007 :: 		
0x00B6	0x1FFB      	BTFSS      R11, 7
;__Lib_MathDouble.c,1008 :: 		
0x00B7	0x28C0      	GOTO       SETIOV3224EEE
;__Lib_MathDouble.c,1010 :: 		
0x00B8	0x01F2      	CLRF       R2
;__Lib_MathDouble.c,1011 :: 		
0x00B9	0x1FFA      	BTFSS      R10, 7
;__Lib_MathDouble.c,1012 :: 		
0x00BA	0x30FF      	MOVLW      255
;__Lib_MathDouble.c,1013 :: 		
0x00BB	0x00F2      	MOVWF      R2
;__Lib_MathDouble.c,1014 :: 		
0x00BC	0x00F1      	MOVWF      R1
;__Lib_MathDouble.c,1015 :: 		
0x00BD	0x00F0      	MOVWF      R0
;__Lib_MathDouble.c,1016 :: 		
0x00BE	0x0DFA      	RLF        R10, 1
;__Lib_MathDouble.c,1017 :: 		
0x00BF	0x0CF2      	RRF        R2, 1
;__Lib_MathDouble.c,1018 :: 		
SETIOV3224EEE:
;__Lib_MathDouble.c,1019 :: 		
0x00C0	0x30FF      	MOVLW      255
;__Lib_MathDouble.c,1021 :: 		
L_end_SETIOV3224:
0x00C1	0x0008      	RETURN
; end of _SETIOV3224
_Mul_16X16_U:
;__Lib_Math.c,136 :: 		
;__Lib_Math.c,143 :: 		
0x00C2	0x1283      	BCF        STATUS, 5
;__Lib_Math.c,144 :: 		
0x00C3	0x1303      	BCF        STATUS, 6
;__Lib_Math.c,145 :: 		
0x00C4	0x01FB      	CLRF       R11
;__Lib_Math.c,146 :: 		
0x00C5	0x01FA      	CLRF       R10
;__Lib_Math.c,147 :: 		
0x00C6	0x01F9      	CLRF       R9
;__Lib_Math.c,148 :: 		
0x00C7	0x3080      	MOVLW      128
;__Lib_Math.c,149 :: 		
0x00C8	0x00F8      	MOVWF      R8
;__Lib_Math.c,150 :: 		
0x00C9	0x0CF1      	RRF        R1, 1
;__Lib_Math.c,151 :: 		
0x00CA	0x0CF0      	RRF        R0, 1
;__Lib_Math.c,152 :: 		
0x00CB	0x1C03      	BTFSS      STATUS, 0
;__Lib_Math.c,153 :: 		
0x00CC	0x28D6      	GOTO       $+10
;__Lib_Math.c,154 :: 		
0x00CD	0x0874      	MOVF       R4, 0
;__Lib_Math.c,155 :: 		
0x00CE	0x07F9      	ADDWF      R9, 1
;__Lib_Math.c,156 :: 		
0x00CF	0x0875      	MOVF       R5, 0
;__Lib_Math.c,157 :: 		
0x00D0	0x1803      	BTFSC      STATUS, 0
;__Lib_Math.c,158 :: 		
0x00D1	0x0F75      	INCFSZ     R5, 0
;__Lib_Math.c,159 :: 		
0x00D2	0x07FA      	ADDWF      R10, 1
;__Lib_Math.c,160 :: 		
0x00D3	0x1803      	BTFSC      STATUS, 0
;__Lib_Math.c,161 :: 		
0x00D4	0x0AFB      	INCF       R11, 1
;__Lib_Math.c,162 :: 		
0x00D5	0x1003      	BCF        STATUS, 0
;__Lib_Math.c,163 :: 		
0x00D6	0x1FF0      	BTFSS      R0, 7
;__Lib_Math.c,164 :: 		
0x00D7	0x28DE      	GOTO       $+7
;__Lib_Math.c,165 :: 		
0x00D8	0x0874      	MOVF       R4, 0
;__Lib_Math.c,166 :: 		
0x00D9	0x07FA      	ADDWF      R10, 1
;__Lib_Math.c,167 :: 		
0x00DA	0x0875      	MOVF       R5, 0
;__Lib_Math.c,168 :: 		
0x00DB	0x1803      	BTFSC      STATUS, 0
;__Lib_Math.c,169 :: 		
0x00DC	0x0F75      	INCFSZ     R5, 0
;__Lib_Math.c,170 :: 		
0x00DD	0x07FB      	ADDWF      R11, 1
;__Lib_Math.c,171 :: 		
0x00DE	0x0CFB      	RRF        R11, 1
;__Lib_Math.c,172 :: 		
0x00DF	0x0CFA      	RRF        R10, 1
;__Lib_Math.c,173 :: 		
0x00E0	0x0CF9      	RRF        R9, 1
;__Lib_Math.c,174 :: 		
0x00E1	0x0CF8      	RRF        R8, 1
;__Lib_Math.c,175 :: 		
0x00E2	0x1C03      	BTFSS      STATUS, 0
;__Lib_Math.c,176 :: 		
0x00E3	0x28C9      	GOTO       $-26
;__Lib_Math.c,177 :: 		
0x00E4	0x087B      	MOVF       R11, 0
;__Lib_Math.c,178 :: 		
0x00E5	0x00F3      	MOVWF      R3
;__Lib_Math.c,179 :: 		
0x00E6	0x087A      	MOVF       R10, 0
;__Lib_Math.c,180 :: 		
0x00E7	0x00F2      	MOVWF      R2
;__Lib_Math.c,181 :: 		
0x00E8	0x0879      	MOVF       R9, 0
;__Lib_Math.c,182 :: 		
0x00E9	0x00F1      	MOVWF      R1
;__Lib_Math.c,183 :: 		
0x00EA	0x0878      	MOVF       R8, 0
;__Lib_Math.c,184 :: 		
0x00EB	0x00F0      	MOVWF      R0
;__Lib_Math.c,187 :: 		
L_end_Mul_16X16_U:
0x00EC	0x0008      	RETURN
; end of _Mul_16X16_U
_Add_32x32_FP:
;__Lib_MathDouble.c,379 :: 		
;__Lib_MathDouble.c,390 :: 		
;__Lib_MathDouble.c,392 :: 		
0x00ED	0x1283      	BCF        STATUS, 5
;__Lib_MathDouble.c,393 :: 		
0x00EE	0x1303      	BCF        STATUS, 6
;__Lib_MathDouble.c,394 :: 		
0x00EF	0x0872      	MOVF       R2, 0
;__Lib_MathDouble.c,395 :: 		
0x00F0	0x0676      	XORWF      R6, 0
;__Lib_MathDouble.c,396 :: 		
0x00F1	0x00A0      	MOVWF      __math_tempbD
;__Lib_MathDouble.c,398 :: 		
0x00F2	0x01F8      	CLRF       R8
;__Lib_MathDouble.c,399 :: 		
0x00F3	0x01F9      	CLRF       R9
;__Lib_MathDouble.c,401 :: 		
0x00F4	0x0873      	MOVF       R3, 0
;__Lib_MathDouble.c,402 :: 		
0x00F5	0x0277      	SUBWF      R7, 0
;__Lib_MathDouble.c,403 :: 		
0x00F6	0x1C03      	BTFSS      STATUS, 0
;__Lib_MathDouble.c,404 :: 		
0x00F7	0x2910      	GOTO       USEA32
;__Lib_MathDouble.c,406 :: 		
0x00F8	0x0877      	MOVF       R7, 0
;__Lib_MathDouble.c,407 :: 		
0x00F9	0x00FD      	MOVWF      R13
;__Lib_MathDouble.c,408 :: 		
0x00FA	0x0873      	MOVF       R3, 0
;__Lib_MathDouble.c,409 :: 		
0x00FB	0x00F7      	MOVWF      R7
;__Lib_MathDouble.c,410 :: 		
0x00FC	0x087D      	MOVF       R13, 0
;__Lib_MathDouble.c,411 :: 		
0x00FD	0x00F3      	MOVWF      R3
;__Lib_MathDouble.c,413 :: 		
0x00FE	0x0876      	MOVF       R6, 0
;__Lib_MathDouble.c,414 :: 		
0x00FF	0x00FD      	MOVWF      R13
;__Lib_MathDouble.c,415 :: 		
0x0100	0x0872      	MOVF       R2, 0
;__Lib_MathDouble.c,416 :: 		
0x0101	0x00F6      	MOVWF      R6
;__Lib_MathDouble.c,417 :: 		
0x0102	0x087D      	MOVF       R13, 0
;__Lib_MathDouble.c,418 :: 		
0x0103	0x00F2      	MOVWF      R2
;__Lib_MathDouble.c,420 :: 		
0x0104	0x0875      	MOVF       R5, 0
;__Lib_MathDouble.c,421 :: 		
0x0105	0x00FD      	MOVWF      R13
;__Lib_MathDouble.c,422 :: 		
0x0106	0x0871      	MOVF       R1, 0
;__Lib_MathDouble.c,423 :: 		
0x0107	0x00F5      	MOVWF      R5
;__Lib_MathDouble.c,424 :: 		
0x0108	0x087D      	MOVF       R13, 0
;__Lib_MathDouble.c,425 :: 		
0x0109	0x00F1      	MOVWF      R1
;__Lib_MathDouble.c,427 :: 		
0x010A	0x0874      	MOVF       R4, 0
;__Lib_MathDouble.c,428 :: 		
0x010B	0x00FD      	MOVWF      R13
;__Lib_MathDouble.c,429 :: 		
0x010C	0x0870      	MOVF       R0, 0
;__Lib_MathDouble.c,430 :: 		
0x010D	0x00F4      	MOVWF      R4
;__Lib_MathDouble.c,431 :: 		
0x010E	0x087D      	MOVF       R13, 0
;__Lib_MathDouble.c,432 :: 		
0x010F	0x00F0      	MOVWF      R0
;__Lib_MathDouble.c,433 :: 		
USEA32:
;__Lib_MathDouble.c,434 :: 		
0x0110	0x0877      	MOVF       R7, 0
;__Lib_MathDouble.c,435 :: 		
0x0111	0x1903      	BTFSC      STATUS, 2
;__Lib_MathDouble.c,436 :: 		
0x0112	0x2989      	GOTO       JMPEEE
;__Lib_MathDouble.c,437 :: 		
0x0113	0x0872      	MOVF       R2, 0
;__Lib_MathDouble.c,438 :: 		
0x0114	0x00FA      	MOVWF      R10
;__Lib_MathDouble.c,439 :: 		
0x0115	0x17F2      	BSF        R2, 7
;__Lib_MathDouble.c,440 :: 		
0x0116	0x17F6      	BSF        R6, 7
;__Lib_MathDouble.c,441 :: 		
0x0117	0x0877      	MOVF       R7, 0
;__Lib_MathDouble.c,442 :: 		
0x0118	0x0273      	SUBWF      R3, 0
;__Lib_MathDouble.c,443 :: 		
0x0119	0x00F7      	MOVWF      R7
;__Lib_MathDouble.c,444 :: 		
0x011A	0x1903      	BTFSC      STATUS, 2
;__Lib_MathDouble.c,445 :: 		
0x011B	0x2943      	GOTO       ALIGNED32
;__Lib_MathDouble.c,446 :: 		
0x011C	0x3008      	MOVLW      8
;__Lib_MathDouble.c,447 :: 		
0x011D	0x0277      	SUBWF      R7, 0
;__Lib_MathDouble.c,448 :: 		
0x011E	0x1C03      	BTFSS      STATUS, 0
;__Lib_MathDouble.c,449 :: 		
0x011F	0x2939      	GOTO       ALIGNB32
;__Lib_MathDouble.c,450 :: 		
0x0120	0x00F7      	MOVWF      R7
;__Lib_MathDouble.c,451 :: 		
0x0121	0x0874      	MOVF       R4, 0
;__Lib_MathDouble.c,452 :: 		
0x0122	0x00F9      	MOVWF      R9
;__Lib_MathDouble.c,453 :: 		
0x0123	0x0875      	MOVF       R5, 0
;__Lib_MathDouble.c,454 :: 		
0x0124	0x00F4      	MOVWF      R4
;__Lib_MathDouble.c,455 :: 		
0x0125	0x0876      	MOVF       R6, 0
;__Lib_MathDouble.c,456 :: 		
0x0126	0x00F5      	MOVWF      R5
;__Lib_MathDouble.c,457 :: 		
0x0127	0x01F6      	CLRF       R6
;__Lib_MathDouble.c,458 :: 		
0x0128	0x3008      	MOVLW      8
;__Lib_MathDouble.c,459 :: 		
0x0129	0x0277      	SUBWF      R7, 0
;__Lib_MathDouble.c,460 :: 		
0x012A	0x1C03      	BTFSS      STATUS, 0
;__Lib_MathDouble.c,461 :: 		
0x012B	0x2939      	GOTO       ALIGNB32
;__Lib_MathDouble.c,462 :: 		
0x012C	0x00F7      	MOVWF      R7
;__Lib_MathDouble.c,463 :: 		
0x012D	0x0874      	MOVF       R4, 0
;__Lib_MathDouble.c,464 :: 		
0x012E	0x00F9      	MOVWF      R9
;__Lib_MathDouble.c,465 :: 		
0x012F	0x0875      	MOVF       R5, 0
;__Lib_MathDouble.c,466 :: 		
0x0130	0x00F4      	MOVWF      R4
;__Lib_MathDouble.c,467 :: 		
0x0131	0x01F5      	CLRF       R5
;__Lib_MathDouble.c,468 :: 		
0x0132	0x3008      	MOVLW      8
;__Lib_MathDouble.c,469 :: 		
0x0133	0x0277      	SUBWF      R7, 0
;__Lib_MathDouble.c,470 :: 		
0x0134	0x1C03      	BTFSS      STATUS, 0
;__Lib_MathDouble.c,471 :: 		
0x0135	0x2939      	GOTO       ALIGNB32
;__Lib_MathDouble.c,472 :: 		
0x0136	0x087A      	MOVF       R10, 0
;__Lib_MathDouble.c,473 :: 		
0x0137	0x00F2      	MOVWF      R2
;__Lib_MathDouble.c,474 :: 		
0x0138	0x2989      	GOTO       JMPEEE
;__Lib_MathDouble.c,475 :: 		
ALIGNB32:
;__Lib_MathDouble.c,476 :: 		
0x0139	0x0877      	MOVF       R7, 0
;__Lib_MathDouble.c,477 :: 		
0x013A	0x1903      	BTFSC      STATUS, 2
;__Lib_MathDouble.c,478 :: 		
0x013B	0x2943      	GOTO       ALIGNED32
;__Lib_MathDouble.c,479 :: 		
ALOOPB32:
;__Lib_MathDouble.c,480 :: 		
0x013C	0x1003      	BCF        STATUS, 0
;__Lib_MathDouble.c,481 :: 		
0x013D	0x0CF6      	RRF        R6, 1
;__Lib_MathDouble.c,482 :: 		
0x013E	0x0CF5      	RRF        R5, 1
;__Lib_MathDouble.c,483 :: 		
0x013F	0x0CF4      	RRF        R4, 1
;__Lib_MathDouble.c,484 :: 		
0x0140	0x0CF9      	RRF        R9, 1
;__Lib_MathDouble.c,485 :: 		
0x0141	0x0BF7      	DECFSZ     R7, 1
;__Lib_MathDouble.c,486 :: 		
0x0142	0x293C      	GOTO       ALOOPB32
;__Lib_MathDouble.c,487 :: 		
ALIGNED32:
;__Lib_MathDouble.c,488 :: 		
0x0143	0x1FA0      	BTFSS      __math_tempbD, 7
;__Lib_MathDouble.c,489 :: 		
0x0144	0x2950      	GOTO       AOK32
;__Lib_MathDouble.c,490 :: 		
0x0145	0x09F9      	COMF       R9, 1
;__Lib_MathDouble.c,491 :: 		
0x0146	0x09F4      	COMF       R4, 1
;__Lib_MathDouble.c,492 :: 		
0x0147	0x09F5      	COMF       R5, 1
;__Lib_MathDouble.c,493 :: 		
0x0148	0x09F6      	COMF       R6, 1
;__Lib_MathDouble.c,494 :: 		
0x0149	0x0AF9      	INCF       R9, 1
;__Lib_MathDouble.c,495 :: 		
0x014A	0x1903      	BTFSC      STATUS, 2
;__Lib_MathDouble.c,496 :: 		
0x014B	0x0AF4      	INCF       R4, 1
;__Lib_MathDouble.c,497 :: 		
0x014C	0x1903      	BTFSC      STATUS, 2
;__Lib_MathDouble.c,498 :: 		
0x014D	0x0AF5      	INCF       R5, 1
;__Lib_MathDouble.c,499 :: 		
0x014E	0x1903      	BTFSC      STATUS, 2
;__Lib_MathDouble.c,500 :: 		
0x014F	0x0AF6      	INCF       R6, 1
;__Lib_MathDouble.c,501 :: 		
AOK32:
;__Lib_MathDouble.c,502 :: 		
0x0150	0x0879      	MOVF       R9, 0
;__Lib_MathDouble.c,503 :: 		
0x0151	0x07F8      	ADDWF      R8, 1
;__Lib_MathDouble.c,504 :: 		
0x0152	0x0874      	MOVF       R4, 0
;__Lib_MathDouble.c,505 :: 		
0x0153	0x1803      	BTFSC      STATUS, 0
;__Lib_MathDouble.c,506 :: 		
0x0154	0x0F74      	INCFSZ     R4, 0
;__Lib_MathDouble.c,507 :: 		
0x0155	0x07F0      	ADDWF      R0, 1
;__Lib_MathDouble.c,508 :: 		
0x0156	0x0875      	MOVF       R5, 0
;__Lib_MathDouble.c,509 :: 		
0x0157	0x1803      	BTFSC      STATUS, 0
;__Lib_MathDouble.c,510 :: 		
0x0158	0x0F75      	INCFSZ     R5, 0
;__Lib_MathDouble.c,511 :: 		
0x0159	0x07F1      	ADDWF      R1, 1
;__Lib_MathDouble.c,512 :: 		
0x015A	0x0876      	MOVF       R6, 0
;__Lib_MathDouble.c,513 :: 		
0x015B	0x1803      	BTFSC      STATUS, 0
;__Lib_MathDouble.c,514 :: 		
0x015C	0x0F76      	INCFSZ     R6, 0
;__Lib_MathDouble.c,515 :: 		
0x015D	0x07F2      	ADDWF      R2, 1
;__Lib_MathDouble.c,516 :: 		
0x015E	0x1BA0      	BTFSC      __math_tempbD, 7
;__Lib_MathDouble.c,517 :: 		
0x015F	0x2969      	GOTO       ACOMP32
;__Lib_MathDouble.c,518 :: 		
0x0160	0x1C03      	BTFSS      STATUS, 0
;__Lib_MathDouble.c,519 :: 		
0x0161	0x2979      	GOTO       JMPNRMRND4032
;__Lib_MathDouble.c,520 :: 		
0x0162	0x0CF2      	RRF        R2, 1
;__Lib_MathDouble.c,521 :: 		
0x0163	0x0CF1      	RRF        R1, 1
;__Lib_MathDouble.c,522 :: 		
0x0164	0x0CF0      	RRF        R0, 1
;__Lib_MathDouble.c,523 :: 		
0x0165	0x0CF8      	RRF        R8, 1
;__Lib_MathDouble.c,524 :: 		
0x0166	0x0FF3      	INCFSZ     R3, 1
;__Lib_MathDouble.c,525 :: 		
0x0167	0x2979      	GOTO       JMPNRMRND4032
;__Lib_MathDouble.c,526 :: 		
0x0168	0x2985      	GOTO       ADD_JMPSETFOV32
;__Lib_MathDouble.c,527 :: 		
ACOMP32:
;__Lib_MathDouble.c,528 :: 		
0x0169	0x1803      	BTFSC      STATUS, 0
;__Lib_MathDouble.c,529 :: 		
0x016A	0x297D      	GOTO       JMPNRM4032
;__Lib_MathDouble.c,530 :: 		
0x016B	0x09F8      	COMF       R8, 1
;__Lib_MathDouble.c,531 :: 		
0x016C	0x09F0      	COMF       R0, 1
;__Lib_MathDouble.c,532 :: 		
0x016D	0x09F1      	COMF       R1, 1
;__Lib_MathDouble.c,533 :: 		
0x016E	0x09F2      	COMF       R2, 1
;__Lib_MathDouble.c,534 :: 		
0x016F	0x0AF8      	INCF       R8, 1
;__Lib_MathDouble.c,535 :: 		
0x0170	0x1903      	BTFSC      STATUS, 2
;__Lib_MathDouble.c,536 :: 		
0x0171	0x0AF0      	INCF       R0, 1
;__Lib_MathDouble.c,537 :: 		
0x0172	0x1903      	BTFSC      STATUS, 2
;__Lib_MathDouble.c,538 :: 		
0x0173	0x0AF1      	INCF       R1, 1
;__Lib_MathDouble.c,539 :: 		
0x0174	0x1903      	BTFSC      STATUS, 2
;__Lib_MathDouble.c,540 :: 		
0x0175	0x0AF2      	INCF       R2, 1
;__Lib_MathDouble.c,541 :: 		
0x0176	0x3080      	MOVLW      128
;__Lib_MathDouble.c,542 :: 		
0x0177	0x06FA      	XORWF      R10, 1
;__Lib_MathDouble.c,543 :: 		
0x0178	0x2981      	GOTO       JMPNRM32
;__Lib_MathDouble.c,544 :: 		
JMPNRMRND4032:
;__Lib_MathDouble.c,545 :: 		
0x0179	0x3001      	MOVLW      1
;__Lib_MathDouble.c,546 :: 		
0x017A	0x00FC      	MOVWF      R12
;__Lib_MathDouble.c,548 :: 		
0x017B	0x205B      	CALL       _NRM4032
;__Lib_MathDouble.c,550 :: 		
0x017C	0x298B      	GOTO       ADD32EEE
;__Lib_MathDouble.c,551 :: 		
JMPNRM4032:
;__Lib_MathDouble.c,552 :: 		
0x017D	0x3002      	MOVLW      2
;__Lib_MathDouble.c,553 :: 		
0x017E	0x00FC      	MOVWF      R12
;__Lib_MathDouble.c,555 :: 		
0x017F	0x205B      	CALL       _NRM4032
;__Lib_MathDouble.c,557 :: 		
0x0180	0x298B      	GOTO       ADD32EEE
;__Lib_MathDouble.c,558 :: 		
JMPNRM32:
;__Lib_MathDouble.c,559 :: 		
0x0181	0x3004      	MOVLW      4
;__Lib_MathDouble.c,560 :: 		
0x0182	0x00FC      	MOVWF      R12
;__Lib_MathDouble.c,562 :: 		
0x0183	0x202C      	CALL       _NRM3232
;__Lib_MathDouble.c,564 :: 		
0x0184	0x298B      	GOTO       ADD32EEE
;__Lib_MathDouble.c,565 :: 		
ADD_JMPSETFOV32:
;__Lib_MathDouble.c,566 :: 		
0x0185	0x3008      	MOVLW      8
;__Lib_MathDouble.c,567 :: 		
0x0186	0x00FC      	MOVWF      R12
;__Lib_MathDouble.c,569 :: 		
0x0187	0x201A      	CALL       _SETFOV32
;__Lib_MathDouble.c,571 :: 		
0x0188	0x298B      	GOTO       ADD32EEE
;__Lib_MathDouble.c,572 :: 		
JMPEEE:
;__Lib_MathDouble.c,573 :: 		
0x0189	0x3000      	MOVLW      0
;__Lib_MathDouble.c,574 :: 		
0x018A	0x00FC      	MOVWF      R12
;__Lib_MathDouble.c,575 :: 		
ADD32EEE:
;__Lib_MathDouble.c,576 :: 		
0x018B	0x0000      	NOP
;__Lib_MathDouble.c,584 :: 		
L_end_Add_32x32_FP:
0x018C	0x0008      	RETURN
; end of _Add_32x32_FP
_Mul_32x32_FP:
;__Lib_MathDouble.c,610 :: 		
;__Lib_MathDouble.c,622 :: 		
;__Lib_MathDouble.c,624 :: 		
0x018D	0x1283      	BCF        STATUS, 5
;__Lib_MathDouble.c,625 :: 		
0x018E	0x1303      	BCF        STATUS, 6
;__Lib_MathDouble.c,627 :: 		
0x018F	0x01FB      	CLRF       R11
;__Lib_MathDouble.c,628 :: 		
0x0190	0x0873      	MOVF       R3, 0
;__Lib_MathDouble.c,629 :: 		
0x0191	0x1D03      	BTFSS      STATUS, 2
;__Lib_MathDouble.c,630 :: 		
0x0192	0x0877      	MOVF       R7, 0
;__Lib_MathDouble.c,631 :: 		
0x0193	0x1903      	BTFSC      STATUS, 2
;__Lib_MathDouble.c,632 :: 		
0x0194	0x29E4      	GOTO       JPMRES032
;__Lib_MathDouble.c,634 :: 		
0x0195	0x0872      	MOVF       R2, 0
;__Lib_MathDouble.c,635 :: 		
0x0196	0x0676      	XORWF      R6, 0
;__Lib_MathDouble.c,636 :: 		
0x0197	0x00FA      	MOVWF      R10
;__Lib_MathDouble.c,637 :: 		
0x0198	0x0877      	MOVF       R7, 0
;__Lib_MathDouble.c,638 :: 		
0x0199	0x07F3      	ADDWF      R3, 1
;__Lib_MathDouble.c,639 :: 		
0x019A	0x307E      	MOVLW      126
;__Lib_MathDouble.c,640 :: 		
0x019B	0x1C03      	BTFSS      STATUS, 0
;__Lib_MathDouble.c,641 :: 		
0x019C	0x29A1      	GOTO       MTUN32
;__Lib_MathDouble.c,642 :: 		
0x019D	0x02F3      	SUBWF      R3, 1
;__Lib_MathDouble.c,643 :: 		
0x019E	0x1803      	BTFSC      STATUS, 0
;__Lib_MathDouble.c,644 :: 		
0x019F	0x29E7      	GOTO       JPMSETFOV32
;__Lib_MathDouble.c,645 :: 		
0x01A0	0x29A4      	GOTO       MOK32
;__Lib_MathDouble.c,646 :: 		
MTUN32:
;__Lib_MathDouble.c,647 :: 		
0x01A1	0x02F3      	SUBWF      R3, 1
;__Lib_MathDouble.c,648 :: 		
0x01A2	0x1C03      	BTFSS      STATUS, 0
;__Lib_MathDouble.c,649 :: 		
0x01A3	0x29EA      	GOTO       JPMSETFUN32
;__Lib_MathDouble.c,650 :: 		
MOK32:
;__Lib_MathDouble.c,651 :: 		
0x01A4	0x0872      	MOVF       R2, 0
;__Lib_MathDouble.c,652 :: 		
0x01A5	0x00F8      	MOVWF      R8
;__Lib_MathDouble.c,653 :: 		
0x01A6	0x0871      	MOVF       R1, 0
;__Lib_MathDouble.c,654 :: 		
0x01A7	0x00FC      	MOVWF      R12
;__Lib_MathDouble.c,655 :: 		
0x01A8	0x0870      	MOVF       R0, 0
;__Lib_MathDouble.c,656 :: 		
0x01A9	0x00FD      	MOVWF      R13
;__Lib_MathDouble.c,657 :: 		
0x01AA	0x17F8      	BSF        R8, 7
;__Lib_MathDouble.c,658 :: 		
0x01AB	0x17F6      	BSF        R6, 7
;__Lib_MathDouble.c,659 :: 		
0x01AC	0x1003      	BCF        STATUS, 0
;__Lib_MathDouble.c,660 :: 		
0x01AD	0x01F2      	CLRF       R2
;__Lib_MathDouble.c,661 :: 		
0x01AE	0x01F1      	CLRF       R1
;__Lib_MathDouble.c,662 :: 		
0x01AF	0x01F0      	CLRF       R0
;__Lib_MathDouble.c,663 :: 		
0x01B0	0x3018      	MOVLW      24
;__Lib_MathDouble.c,664 :: 		
0x01B1	0x00A0      	MOVWF      __math_tempbD
;__Lib_MathDouble.c,665 :: 		
MLOOP32:
;__Lib_MathDouble.c,666 :: 		
0x01B2	0x1C7D      	BTFSS      R13, 0
;__Lib_MathDouble.c,667 :: 		
0x01B3	0x29BE      	GOTO       MNOADD32
;__Lib_MathDouble.c,669 :: 		
0x01B4	0x0874      	MOVF       R4, 0
;__Lib_MathDouble.c,670 :: 		
0x01B5	0x07F0      	ADDWF      R0, 1
;__Lib_MathDouble.c,671 :: 		
0x01B6	0x0875      	MOVF       R5, 0
;__Lib_MathDouble.c,672 :: 		
0x01B7	0x1803      	BTFSC      STATUS, 0
;__Lib_MathDouble.c,673 :: 		
0x01B8	0x0F75      	INCFSZ     R5, 0
;__Lib_MathDouble.c,674 :: 		
0x01B9	0x07F1      	ADDWF      R1, 1
;__Lib_MathDouble.c,675 :: 		
0x01BA	0x0876      	MOVF       R6, 0
;__Lib_MathDouble.c,676 :: 		
0x01BB	0x1803      	BTFSC      STATUS, 0
;__Lib_MathDouble.c,677 :: 		
0x01BC	0x0F76      	INCFSZ     R6, 0
;__Lib_MathDouble.c,678 :: 		
0x01BD	0x07F2      	ADDWF      R2, 1
;__Lib_MathDouble.c,679 :: 		
MNOADD32:
;__Lib_MathDouble.c,680 :: 		
0x01BE	0x0CF2      	RRF        R2, 1
;__Lib_MathDouble.c,681 :: 		
0x01BF	0x0CF1      	RRF        R1, 1
;__Lib_MathDouble.c,682 :: 		
0x01C0	0x0CF0      	RRF        R0, 1
;__Lib_MathDouble.c,683 :: 		
0x01C1	0x0CF8      	RRF        R8, 1
;__Lib_MathDouble.c,684 :: 		
0x01C2	0x0CFC      	RRF        R12, 1
;__Lib_MathDouble.c,685 :: 		
0x01C3	0x0CFD      	RRF        R13, 1
;__Lib_MathDouble.c,686 :: 		
0x01C4	0x1003      	BCF        STATUS, 0
;__Lib_MathDouble.c,687 :: 		
0x01C5	0x0BA0      	DECFSZ     __math_tempbD, 1
;__Lib_MathDouble.c,688 :: 		
0x01C6	0x29B2      	GOTO       MLOOP32
;__Lib_MathDouble.c,689 :: 		
0x01C7	0x1BF2      	BTFSC      R2, 7
;__Lib_MathDouble.c,690 :: 		
0x01C8	0x29CE      	GOTO       MROUND32
;__Lib_MathDouble.c,691 :: 		
0x01C9	0x0DF8      	RLF        R8, 1
;__Lib_MathDouble.c,692 :: 		
0x01CA	0x0DF0      	RLF        R0, 1
;__Lib_MathDouble.c,693 :: 		
0x01CB	0x0DF1      	RLF        R1, 1
;__Lib_MathDouble.c,694 :: 		
0x01CC	0x0DF2      	RLF        R2, 1
;__Lib_MathDouble.c,695 :: 		
0x01CD	0x03F3      	DECF       R3, 1
;__Lib_MathDouble.c,696 :: 		
MROUND32:
;__Lib_MathDouble.c,697 :: 		
0x01CE	0x1B7B      	BTFSC      R11, 6
;__Lib_MathDouble.c,698 :: 		
0x01CF	0x1C70      	BTFSS      R0, 0
;__Lib_MathDouble.c,699 :: 		
0x01D0	0x29E0      	GOTO       MUL32OK
;__Lib_MathDouble.c,700 :: 		
0x01D1	0x1FF8      	BTFSS      R8, 7
;__Lib_MathDouble.c,701 :: 		
0x01D2	0x29E0      	GOTO       MUL32OK
;__Lib_MathDouble.c,702 :: 		
0x01D3	0x0AF0      	INCF       R0, 1
;__Lib_MathDouble.c,703 :: 		
0x01D4	0x1903      	BTFSC      STATUS, 2
;__Lib_MathDouble.c,704 :: 		
0x01D5	0x0AF1      	INCF       R1, 1
;__Lib_MathDouble.c,705 :: 		
0x01D6	0x1903      	BTFSC      STATUS, 2
;__Lib_MathDouble.c,706 :: 		
0x01D7	0x0AF2      	INCF       R2, 1
;__Lib_MathDouble.c,707 :: 		
0x01D8	0x1D03      	BTFSS      STATUS, 2
;__Lib_MathDouble.c,708 :: 		
0x01D9	0x29E0      	GOTO       MUL32OK
;__Lib_MathDouble.c,709 :: 		
0x01DA	0x0CF2      	RRF        R2, 1
;__Lib_MathDouble.c,710 :: 		
0x01DB	0x0CF1      	RRF        R1, 1
;__Lib_MathDouble.c,711 :: 		
0x01DC	0x0CF0      	RRF        R0, 1
;__Lib_MathDouble.c,712 :: 		
0x01DD	0x0AF3      	INCF       R3, 1
;__Lib_MathDouble.c,713 :: 		
0x01DE	0x1903      	BTFSC      STATUS, 2
;__Lib_MathDouble.c,714 :: 		
0x01DF	0x29E7      	GOTO       JPMSETFOV32
;__Lib_MathDouble.c,715 :: 		
MUL32OK:
;__Lib_MathDouble.c,716 :: 		
0x01E0	0x1FFA      	BTFSS      R10, 7
;__Lib_MathDouble.c,717 :: 		
0x01E1	0x13F2      	BCF        R2, 7
;__Lib_MathDouble.c,718 :: 		
0x01E2	0x3000      	MOVLW      0
;__Lib_MathDouble.c,720 :: 		
0x01E3	0x29EC      	GOTO       MUL32EEE
;__Lib_MathDouble.c,721 :: 		
JPMRES032:
;__Lib_MathDouble.c,722 :: 		
0x01E4	0x3001      	MOVLW      1
;__Lib_MathDouble.c,725 :: 		
0x01E5	0x2003      	CALL       _RES032
;__Lib_MathDouble.c,727 :: 		
0x01E6	0x29EC      	GOTO       MUL32EEE
;__Lib_MathDouble.c,728 :: 		
JPMSETFOV32:
;__Lib_MathDouble.c,729 :: 		
0x01E7	0x3002      	MOVLW      2
;__Lib_MathDouble.c,732 :: 		
0x01E8	0x201A      	CALL       _SETFOV32
;__Lib_MathDouble.c,734 :: 		
0x01E9	0x29EC      	GOTO       MUL32EEE
;__Lib_MathDouble.c,735 :: 		
JPMSETFUN32:
;__Lib_MathDouble.c,736 :: 		
0x01EA	0x3004      	MOVLW      4
;__Lib_MathDouble.c,739 :: 		
0x01EB	0x200A      	CALL       _SETFUN32
;__Lib_MathDouble.c,741 :: 		
MUL32EEE:
;__Lib_MathDouble.c,742 :: 		
0x01EC	0x0000      	NOP
;__Lib_MathDouble.c,749 :: 		
L_end_Mul_32x32_FP:
0x01ED	0x0008      	RETURN
; end of _Mul_32x32_FP
_ADC_Read:
;__Lib_ADC_A_E.c,75 :: 		
;__Lib_ADC_A_E.c,77 :: 		
0x01EE	0x30C3      	MOVLW      195
0x01EF	0x1283      	BCF        STATUS, 5
0x01F0	0x059F      	ANDWF      ADCON0, 1
;__Lib_ADC_A_E.c,82 :: 		
0x01F1	0x30F0      	MOVLW      240
0x01F2	0x059F      	ANDWF      ADCON0, 1
;__Lib_ADC_A_E.c,83 :: 		
0x01F3	0x0921      	COMF       _vref_mask, 0
0x01F4	0x00F0      	MOVWF      R0
0x01F5	0x0870      	MOVF       R0, 0
0x01F6	0x059F      	ANDWF      ADCON0, 1
;__Lib_ADC_A_E.c,84 :: 		
0x01F7	0x30F0      	MOVLW      240
0x01F8	0x1683      	BSF        STATUS, 5
0x01F9	0x049F      	IORWF      ANSEL, 1
;__Lib_ADC_A_E.c,85 :: 		
0x01FA	0x1283      	BCF        STATUS, 5
0x01FB	0x179F      	BSF        ADCON0, 7
;__Lib_ADC_A_E.c,86 :: 		
0x01FC	0x083F      	MOVF       FARG_ADC_Read_channel, 0
0x01FD	0x00F0      	MOVWF      R0
0x01FE	0x0DF0      	RLF        R0, 1
0x01FF	0x1070      	BCF        R0, 0
0x0200	0x0DF0      	RLF        R0, 1
0x0201	0x1070      	BCF        R0, 0
0x0202	0x0870      	MOVF       R0, 0
0x0203	0x049F      	IORWF      ADCON0, 1
;__Lib_ADC_A_E.c,89 :: 		
0x0204	0x141F      	BSF        ADCON0, 0
;__Lib_ADC_A_E.c,92 :: 		
0x0205	0x2026      	CALL       _Delay_22us
;__Lib_ADC_A_E.c,95 :: 		
0x0206	0x149F      	BSF        ADCON0, 1
;__Lib_ADC_A_E.c,98 :: 		
L_ADC_Read2:
0x0207	0x1C9F      	BTFSS      ADCON0, 1
0x0208	0x2A0B      	GOTO       L_ADC_Read3
;__Lib_ADC_A_E.c,99 :: 		
0x0209	0x0000      	NOP
0x020A	0x2A07      	GOTO       L_ADC_Read2
L_ADC_Read3:
;__Lib_ADC_A_E.c,102 :: 		
0x020B	0x101F      	BCF        ADCON0, 0
;__Lib_ADC_A_E.c,105 :: 		
0x020C	0x081E      	MOVF       ADRESH, 0
0x020D	0x00F1      	MOVWF      R0+1
0x020E	0x01F0      	CLRF       R0
0x020F	0x1683      	BSF        STATUS, 5
0x0210	0x081E      	MOVF       ADRESL, 0
0x0211	0x04F0      	IORWF      R0, 1
0x0212	0x3000      	MOVLW      0
0x0213	0x04F1      	IORWF      R0+1, 1
;__Lib_ADC_A_E.c,106 :: 		
L_end_ADC_Read:
0x0214	0x0008      	RETURN
; end of _ADC_Read
_word2double:
;__Lib_MathDouble.c,1862 :: 		
;__Lib_MathDouble.c,1868 :: 		
0x0215	0x1283      	BCF        STATUS, 5
;__Lib_MathDouble.c,1869 :: 		
0x0216	0x1303      	BCF        STATUS, 6
;__Lib_MathDouble.c,1870 :: 		
0x0217	0x0870      	MOVF       R0, 0
;__Lib_MathDouble.c,1871 :: 		
0x0218	0x00F8      	MOVWF      R8
;__Lib_MathDouble.c,1872 :: 		
0x0219	0x0871      	MOVF       R1, 0
;__Lib_MathDouble.c,1873 :: 		
0x021A	0x00F0      	MOVWF      R0
;__Lib_MathDouble.c,1874 :: 		
0x021B	0x01F1      	CLRF       R1
;__Lib_MathDouble.c,1875 :: 		
0x021C	0x01F2      	CLRF       R2
;__Lib_MathDouble.c,1876 :: 		
0x021D	0x01F3      	CLRF       R3
;__Lib_MathDouble.c,1879 :: 		
0x021E	0x01FB      	CLRF       R11
;__Lib_MathDouble.c,1880 :: 		
0x021F	0x01FC      	CLRF       R12
;__Lib_MathDouble.c,1882 :: 		
0x0220	0x3096      	MOVLW      150
;__Lib_MathDouble.c,1883 :: 		
0x0221	0x00F3      	MOVWF      R3
;__Lib_MathDouble.c,1884 :: 		
0x0222	0x01FA      	CLRF       R10
;__Lib_MathDouble.c,1886 :: 		
0x0223	0x0870      	MOVF       R0, 0
;__Lib_MathDouble.c,1887 :: 		
0x0224	0x00F1      	MOVWF      R1
;__Lib_MathDouble.c,1888 :: 		
0x0225	0x0878      	MOVF       R8, 0
;__Lib_MathDouble.c,1889 :: 		
0x0226	0x00F0      	MOVWF      R0
;__Lib_MathDouble.c,1890 :: 		
0x0227	0x01F8      	CLRF       R8
;__Lib_MathDouble.c,1891 :: 		
0x0228	0x01F2      	CLRF       R2
;__Lib_MathDouble.c,1893 :: 		
0x0229	0x202C      	CALL       _NRM3232
;__Lib_MathDouble.c,1894 :: 		
L_end_word2double:
0x022A	0x0008      	RETURN
; end of _word2double
_EEPROM_Write:
;__Lib_EEPROM.c,16 :: 		
;__Lib_EEPROM.c,20 :: 		
L_EEPROM_Write0:
0x022B	0x1683      	BSF        STATUS, 5
0x022C	0x1C9C      	BTFSS      EECON1, 1
0x022D	0x2A30      	GOTO       L_EEPROM_Write1
0x022E	0x0000      	NOP
0x022F	0x2A2B      	GOTO       L_EEPROM_Write0
L_EEPROM_Write1:
;__Lib_EEPROM.c,21 :: 		
0x0230	0x1283      	BCF        STATUS, 5
0x0231	0x083D      	MOVF       FARG_EEPROM_Write_Address, 0
0x0232	0x1683      	BSF        STATUS, 5
0x0233	0x009B      	MOVWF      EEADR
;__Lib_EEPROM.c,22 :: 		
0x0234	0x1283      	BCF        STATUS, 5
0x0235	0x083E      	MOVF       FARG_EEPROM_Write_data_, 0
0x0236	0x1683      	BSF        STATUS, 5
0x0237	0x009A      	MOVWF      EEDATA
;__Lib_EEPROM.c,23 :: 		
0x0238	0x139C      	BCF        EECON1, 7
;__Lib_EEPROM.c,24 :: 		
0x0239	0x151C      	BSF        EECON1, 2
;__Lib_EEPROM.c,26 :: 		
0x023A	0x080B      	MOVF       INTCON, 0
0x023B	0x00F0      	MOVWF      R0
;__Lib_EEPROM.c,29 :: 		
0x023C	0x138B      	BCF        INTCON, 7
;__Lib_EEPROM.c,30 :: 		
0x023D	0x3055      	MOVLW      85
0x023E	0x009D      	MOVWF      EECON2
;__Lib_EEPROM.c,31 :: 		
0x023F	0x30AA      	MOVLW      170
0x0240	0x009D      	MOVWF      EECON2
;__Lib_EEPROM.c,32 :: 		
0x0241	0x149C      	BSF        EECON1, 1
;__Lib_EEPROM.c,36 :: 		
0x0242	0x1BF0      	BTFSC      R0, 7
0x0243	0x2A46      	GOTO       L__EEPROM_Write4
0x0244	0x138B      	BCF        INTCON, 7
0x0245	0x2A47      	GOTO       L__EEPROM_Write5
L__EEPROM_Write4:
0x0246	0x178B      	BSF        INTCON, 7
L__EEPROM_Write5:
;__Lib_EEPROM.c,37 :: 		
0x0247	0x111C      	BCF        EECON1, 2
;__Lib_EEPROM.c,38 :: 		
L_end_EEPROM_Write:
0x0248	0x0008      	RETURN
; end of _EEPROM_Write
_____DoICP:
;__Lib_System.c,6 :: 		
;__Lib_System.c,9 :: 		
0x0249	0x1283      	BCF        STATUS, 5
0x024A	0x0838      	MOVF       ___DoICPAddr+1, 0
0x024B	0x008A      	MOVWF      PCLATH
;__Lib_System.c,10 :: 		
0x024C	0x0837      	MOVF       ___DoICPAddr, 0
0x024D	0x0082      	MOVWF      PCL
;__Lib_System.c,12 :: 		
L_end_____DoICP:
0x024E	0x0008      	RETURN
; end of _____DoICP
_abs:
;__Lib_CStdlib.c,37 :: 		
;__Lib_CStdlib.c,38 :: 		
0x024F	0x3080      	MOVLW      128
0x0250	0x1283      	BCF        STATUS, 5
0x0251	0x063E      	XORWF      FARG_abs_a+1, 0
0x0252	0x00F0      	MOVWF      R0
0x0253	0x3080      	MOVLW      128
0x0254	0x0270      	SUBWF      R0, 0
0x0255	0x1D03      	BTFSS      STATUS, 2
0x0256	0x2A59      	GOTO       L__abs93
0x0257	0x3000      	MOVLW      0
0x0258	0x023D      	SUBWF      FARG_abs_a, 0
L__abs93:
0x0259	0x1803      	BTFSC      STATUS, 0
0x025A	0x2A64      	GOTO       L_abs0
;__Lib_CStdlib.c,39 :: 		
0x025B	0x083D      	MOVF       FARG_abs_a, 0
0x025C	0x3C00      	SUBLW      0
0x025D	0x00F0      	MOVWF      R0
0x025E	0x083E      	MOVF       FARG_abs_a+1, 0
0x025F	0x1C03      	BTFSS      STATUS, 0
0x0260	0x3E01      	ADDLW      1
0x0261	0x01F1      	CLRF       R0+1
0x0262	0x02F1      	SUBWF      R0+1, 1
0x0263	0x2A68      	GOTO       L_end_abs
L_abs0:
;__Lib_CStdlib.c,40 :: 		
0x0264	0x083D      	MOVF       FARG_abs_a, 0
0x0265	0x00F0      	MOVWF      R0
0x0266	0x083E      	MOVF       FARG_abs_a+1, 0
0x0267	0x00F1      	MOVWF      R0+1
;__Lib_CStdlib.c,41 :: 		
L_end_abs:
0x0268	0x0008      	RETURN
; end of _abs
_Sub_32x32_FP:
;__Lib_MathDouble.c,593 :: 		
;__Lib_MathDouble.c,596 :: 		
0x0269	0x1283      	BCF        STATUS, 5
;__Lib_MathDouble.c,597 :: 		
0x026A	0x1303      	BCF        STATUS, 6
;__Lib_MathDouble.c,598 :: 		
0x026B	0x3080      	MOVLW      128
;__Lib_MathDouble.c,599 :: 		
0x026C	0x06F6      	XORWF      R6, 1
;__Lib_MathDouble.c,601 :: 		
0x026D	0x20ED      	CALL       _Add_32x32_FP
;__Lib_MathDouble.c,602 :: 		
L_end_Sub_32x32_FP:
0x026E	0x0008      	RETURN
; end of _Sub_32x32_FP
_ADC_Init:
;__Lib_ADC_A_E.c,13 :: 		
;__Lib_ADC_A_E.c,14 :: 		
0x026F	0x30FF      	MOVLW      _ADC_Get_Sample
0x0270	0x1283      	BCF        STATUS, 5
0x0271	0x00B4      	MOVWF      _ADC_Get_Sample_Ptr
0x0272	0x30FF      	MOVLW      hi_addr(_ADC_Get_Sample)
0x0273	0x00B5      	MOVWF      _ADC_Get_Sample_Ptr+1
0x0274	0x30FF      	MOVLW      FARG_ADC_Get_Sample_channel
0x0275	0x00B6      	MOVWF      _ADC_Get_Sample_Ptr+2
0x0276	0x30FF      	MOVLW      hi_addr(FARG_ADC_Get_Sample_channel)
;__Lib_ADC_A_E.c,16 :: 		
0x0277	0x30C3      	MOVLW      195
0x0278	0x059F      	ANDWF      ADCON0, 1
;__Lib_ADC_A_E.c,21 :: 		
0x0279	0x30F0      	MOVLW      240
0x027A	0x059F      	ANDWF      ADCON0, 1
;__Lib_ADC_A_E.c,22 :: 		
0x027B	0x0921      	COMF       _vref_mask, 0
0x027C	0x00F0      	MOVWF      R0
0x027D	0x0870      	MOVF       R0, 0
0x027E	0x059F      	ANDWF      ADCON0, 1
;__Lib_ADC_A_E.c,23 :: 		
0x027F	0x30F0      	MOVLW      240
0x0280	0x1683      	BSF        STATUS, 5
0x0281	0x049F      	IORWF      ANSEL, 1
;__Lib_ADC_A_E.c,24 :: 		
0x0282	0x1283      	BCF        STATUS, 5
0x0283	0x179F      	BSF        ADCON0, 7
;__Lib_ADC_A_E.c,27 :: 		
0x0284	0x141F      	BSF        ADCON0, 0
;__Lib_ADC_A_E.c,28 :: 		
L_end_ADC_Init:
0x0285	0x0008      	RETURN
; end of _ADC_Init
_PWM1_Set_Duty:
;__Lib_PWM_gpio2.c,11 :: 		
;__Lib_PWM_gpio2.c,15 :: 		
0x0286	0x1683      	BSF        STATUS, 5
0x0287	0x0812      	MOVF       PR2, 0
0x0288	0x3E01      	ADDLW      1
0x0289	0x00F0      	MOVWF      R0
0x028A	0x01F1      	CLRF       R0+1
0x028B	0x1803      	BTFSC      STATUS, 0
0x028C	0x0AF1      	INCF       R0+1, 1
0x028D	0x1283      	BCF        STATUS, 5
0x028E	0x083D      	MOVF       FARG_PWM1_Set_Duty_new_duty, 0
0x028F	0x00F4      	MOVWF      R4
0x0290	0x01F5      	CLRF       R4+1
0x0291	0x20C2      	CALL       _Mul_16X16_U
0x0292	0x3006      	MOVLW      6
0x0293	0x00F2      	MOVWF      R2
0x0294	0x0870      	MOVF       R0, 0
0x0295	0x00F4      	MOVWF      R4
0x0296	0x0871      	MOVF       R0+1, 0
0x0297	0x00F5      	MOVWF      R4+1
0x0298	0x0872      	MOVF       R2, 0
L__PWM1_Set_Duty2:
0x0299	0x1903      	BTFSC      STATUS, 2
0x029A	0x2AA0      	GOTO       L__PWM1_Set_Duty3
0x029B	0x0CF5      	RRF        R4+1, 1
0x029C	0x0CF4      	RRF        R4, 1
0x029D	0x13F5      	BCF        R4+1, 7
0x029E	0x3EFF      	ADDLW      255
0x029F	0x2A99      	GOTO       L__PWM1_Set_Duty2
L__PWM1_Set_Duty3:
;__Lib_PWM_gpio2.c,16 :: 		
0x02A0	0x3004      	MOVLW      4
0x02A1	0x00F1      	MOVWF      R1
0x02A2	0x0874      	MOVF       R4, 0
0x02A3	0x00F0      	MOVWF      R0
0x02A4	0x0871      	MOVF       R1, 0
L__PWM1_Set_Duty4:
0x02A5	0x1903      	BTFSC      STATUS, 2
0x02A6	0x2AAB      	GOTO       L__PWM1_Set_Duty5
0x02A7	0x0DF0      	RLF        R0, 1
0x02A8	0x1070      	BCF        R0, 0
0x02A9	0x3EFF      	ADDLW      255
0x02AA	0x2AA5      	GOTO       L__PWM1_Set_Duty4
L__PWM1_Set_Duty5:
0x02AB	0x3030      	MOVLW      48
0x02AC	0x0570      	ANDWF      R0, 0
0x02AD	0x00F3      	MOVWF      R3
;__Lib_PWM_gpio2.c,17 :: 		
0x02AE	0x0874      	MOVF       R4, 0
0x02AF	0x00F0      	MOVWF      R0
0x02B0	0x0875      	MOVF       R4+1, 0
0x02B1	0x00F1      	MOVWF      R0+1
0x02B2	0x0CF1      	RRF        R0+1, 1
0x02B3	0x0CF0      	RRF        R0, 1
0x02B4	0x13F1      	BCF        R0+1, 7
0x02B5	0x0CF1      	RRF        R0+1, 1
0x02B6	0x0CF0      	RRF        R0, 1
0x02B7	0x13F1      	BCF        R0+1, 7
0x02B8	0x0870      	MOVF       R0, 0
0x02B9	0x0093      	MOVWF      CCPR1L
;__Lib_PWM_gpio2.c,18 :: 		
0x02BA	0x300F      	MOVLW      15
0x02BB	0x0595      	ANDWF      CCP1CON, 1
;__Lib_PWM_gpio2.c,19 :: 		
0x02BC	0x0873      	MOVF       R3, 0
0x02BD	0x0495      	IORWF      CCP1CON, 1
;__Lib_PWM_gpio2.c,20 :: 		
L_end_PWM1_Set_Duty:
0x02BE	0x0008      	RETURN
; end of _PWM1_Set_Duty
_Compare_Double:
;__Lib_MathDouble.c,2053 :: 		
;__Lib_MathDouble.c,2062 :: 		
;__Lib_MathDouble.c,2064 :: 		
0x02BF	0x1283      	BCF        STATUS, 5
;__Lib_MathDouble.c,2065 :: 		
0x02C0	0x1303      	BCF        STATUS, 6
;__Lib_MathDouble.c,2067 :: 		
0x02C1	0x01FA      	CLRF       R10
;__Lib_MathDouble.c,2068 :: 		
0x02C2	0x0873      	MOVF       R3, 0
;__Lib_MathDouble.c,2069 :: 		
0x02C3	0x1D03      	BTFSS      STATUS, 2
;__Lib_MathDouble.c,2070 :: 		
0x02C4	0x147A      	BSF        R10, 0
;__Lib_MathDouble.c,2071 :: 		
0x02C5	0x0877      	MOVF       R7, 0
;__Lib_MathDouble.c,2072 :: 		
0x02C6	0x1D03      	BTFSS      STATUS, 2
;__Lib_MathDouble.c,2073 :: 		
0x02C7	0x14FA      	BSF        R10, 1
;__Lib_MathDouble.c,2075 :: 		
0x02C8	0x087A      	MOVF       R10, 0
;__Lib_MathDouble.c,2076 :: 		
0x02C9	0x1903      	BTFSC      STATUS, 2
;__Lib_MathDouble.c,2077 :: 		
0x02CA	0x2B0B      	GOTO       COMPARE_EQU
;__Lib_MathDouble.c,2078 :: 		
0x02CB	0x3A03      	XORLW      3
;__Lib_MathDouble.c,2079 :: 		
0x02CC	0x1903      	BTFSC      STATUS, 2
;__Lib_MathDouble.c,2080 :: 		
0x02CD	0x2AD6      	GOTO       COMPARE_NOTZERO
;__Lib_MathDouble.c,2082 :: 		
0x02CE	0x187A      	BTFSC      R10, 0
;__Lib_MathDouble.c,2083 :: 		
0x02CF	0x2AD3      	GOTO       COMPARE_XNOTZERO
;__Lib_MathDouble.c,2085 :: 		
0x02D0	0x1FF6      	BTFSS      R6, 7
;__Lib_MathDouble.c,2086 :: 		
0x02D1	0x2B09      	GOTO       COMPARE_LT
;__Lib_MathDouble.c,2087 :: 		
0x02D2	0x2B07      	GOTO       COMPARE_GT
;__Lib_MathDouble.c,2088 :: 		
COMPARE_XNOTZERO:
;__Lib_MathDouble.c,2089 :: 		
0x02D3	0x1FF2      	BTFSS      R2, 7
;__Lib_MathDouble.c,2090 :: 		
0x02D4	0x2B07      	GOTO       COMPARE_GT
;__Lib_MathDouble.c,2091 :: 		
0x02D5	0x2B09      	GOTO       COMPARE_LT
;__Lib_MathDouble.c,2093 :: 		
COMPARE_NOTZERO:
;__Lib_MathDouble.c,2094 :: 		
0x02D6	0x0872      	MOVF       R2, 0
;__Lib_MathDouble.c,2095 :: 		
0x02D7	0x3980      	ANDLW      128
;__Lib_MathDouble.c,2096 :: 		
0x02D8	0x00FA      	MOVWF      R10
;__Lib_MathDouble.c,2097 :: 		
0x02D9	0x13F2      	BCF        R2, 7
;__Lib_MathDouble.c,2099 :: 		
0x02DA	0x0876      	MOVF       R6, 0
;__Lib_MathDouble.c,2100 :: 		
0x02DB	0x3980      	ANDLW      128
;__Lib_MathDouble.c,2101 :: 		
0x02DC	0x13F6      	BCF        R6, 7
;__Lib_MathDouble.c,2103 :: 		
0x02DD	0x067A      	XORWF      R10, 0
;__Lib_MathDouble.c,2104 :: 		
0x02DE	0x1903      	BTFSC      STATUS, 2
;__Lib_MathDouble.c,2105 :: 		
0x02DF	0x2AE4      	GOTO       COMPARE_TESTALL
;__Lib_MathDouble.c,2107 :: 		
0x02E0	0x087A      	MOVF       R10, 0
;__Lib_MathDouble.c,2108 :: 		
0x02E1	0x1903      	BTFSC      STATUS, 2
;__Lib_MathDouble.c,2109 :: 		
0x02E2	0x2B07      	GOTO       COMPARE_GT
;__Lib_MathDouble.c,2110 :: 		
0x02E3	0x2B09      	GOTO       COMPARE_LT
;__Lib_MathDouble.c,2112 :: 		
COMPARE_TESTALL:
;__Lib_MathDouble.c,2113 :: 		
0x02E4	0x0877      	MOVF       R7, 0
;__Lib_MathDouble.c,2114 :: 		
0x02E5	0x0273      	SUBWF      R3, 0
;__Lib_MathDouble.c,2115 :: 		
0x02E6	0x1903      	BTFSC      STATUS, 2
;__Lib_MathDouble.c,2116 :: 		
0x02E7	0x2AEB      	GOTO       COMPARE_C1
;__Lib_MathDouble.c,2117 :: 		
0x02E8	0x1C03      	BTFSS      STATUS, 0
;__Lib_MathDouble.c,2118 :: 		
0x02E9	0x2AFF      	GOTO       GT_FALSE
;__Lib_MathDouble.c,2119 :: 		
0x02EA	0x2B03      	GOTO       GT_TRUE
;__Lib_MathDouble.c,2120 :: 		
COMPARE_C1:
;__Lib_MathDouble.c,2121 :: 		
0x02EB	0x0876      	MOVF       R6, 0
;__Lib_MathDouble.c,2122 :: 		
0x02EC	0x0272      	SUBWF      R2, 0
;__Lib_MathDouble.c,2123 :: 		
0x02ED	0x1903      	BTFSC      STATUS, 2
;__Lib_MathDouble.c,2124 :: 		
0x02EE	0x2AF2      	GOTO       COMPARE_C2
;__Lib_MathDouble.c,2125 :: 		
0x02EF	0x1C03      	BTFSS      STATUS, 0
;__Lib_MathDouble.c,2126 :: 		
0x02F0	0x2AFF      	GOTO       GT_FALSE
;__Lib_MathDouble.c,2127 :: 		
0x02F1	0x2B03      	GOTO       GT_TRUE
;__Lib_MathDouble.c,2128 :: 		
COMPARE_C2:
;__Lib_MathDouble.c,2129 :: 		
0x02F2	0x0875      	MOVF       R5, 0
;__Lib_MathDouble.c,2130 :: 		
0x02F3	0x0271      	SUBWF      R1, 0
;__Lib_MathDouble.c,2131 :: 		
0x02F4	0x1903      	BTFSC      STATUS, 2
;__Lib_MathDouble.c,2132 :: 		
0x02F5	0x2AF9      	GOTO       COMPARE_C3
;__Lib_MathDouble.c,2133 :: 		
0x02F6	0x1C03      	BTFSS      STATUS, 0
;__Lib_MathDouble.c,2134 :: 		
0x02F7	0x2AFF      	GOTO       GT_FALSE
;__Lib_MathDouble.c,2135 :: 		
0x02F8	0x2B03      	GOTO       GT_TRUE
;__Lib_MathDouble.c,2136 :: 		
COMPARE_C3:
;__Lib_MathDouble.c,2137 :: 		
0x02F9	0x0874      	MOVF       R4, 0
;__Lib_MathDouble.c,2138 :: 		
0x02FA	0x0270      	SUBWF      R0, 0
;__Lib_MathDouble.c,2139 :: 		
0x02FB	0x1903      	BTFSC      STATUS, 2
;__Lib_MathDouble.c,2140 :: 		
0x02FC	0x2B0B      	GOTO       COMPARE_EQU
;__Lib_MathDouble.c,2141 :: 		
0x02FD	0x1803      	BTFSC      STATUS, 0
;__Lib_MathDouble.c,2142 :: 		
0x02FE	0x2B03      	GOTO       GT_TRUE
;__Lib_MathDouble.c,2144 :: 		
GT_FALSE:
;__Lib_MathDouble.c,2145 :: 		
0x02FF	0x08FA      	MOVF       R10, 1
;__Lib_MathDouble.c,2146 :: 		
0x0300	0x1903      	BTFSC      STATUS, 2
;__Lib_MathDouble.c,2147 :: 		
0x0301	0x2B09      	GOTO       COMPARE_LT
;__Lib_MathDouble.c,2148 :: 		
0x0302	0x2B07      	GOTO       COMPARE_GT
;__Lib_MathDouble.c,2149 :: 		
GT_TRUE:
;__Lib_MathDouble.c,2150 :: 		
0x0303	0x08FA      	MOVF       R10, 1
;__Lib_MathDouble.c,2151 :: 		
0x0304	0x1903      	BTFSC      STATUS, 2
;__Lib_MathDouble.c,2152 :: 		
0x0305	0x2B07      	GOTO       COMPARE_GT
;__Lib_MathDouble.c,2153 :: 		
0x0306	0x2B09      	GOTO       COMPARE_LT
;__Lib_MathDouble.c,2155 :: 		
COMPARE_GT:
;__Lib_MathDouble.c,2158 :: 		
0x0307	0x1403      	BSF        STATUS, 0
;__Lib_MathDouble.c,2159 :: 		
0x0308	0x0008      	RETURN
;__Lib_MathDouble.c,2160 :: 		
COMPARE_LT:
;__Lib_MathDouble.c,2163 :: 		
0x0309	0x1003      	BCF        STATUS, 0
;__Lib_MathDouble.c,2164 :: 		
0x030A	0x0008      	RETURN
;__Lib_MathDouble.c,2165 :: 		
COMPARE_EQU:
;__Lib_MathDouble.c,2168 :: 		
0x030B	0x1403      	BSF        STATUS, 0
;__Lib_MathDouble.c,2169 :: 		
0x030C	0x1503      	BSF        STATUS, 2
;__Lib_MathDouble.c,2170 :: 		
0x030D	0x0008      	RETURN
;__Lib_MathDouble.c,2172 :: 		
L_end_Compare_Double:
0x030E	0x0008      	RETURN
; end of _Compare_Double
_readVoltage:
;Bubble_sensor_OCB100.c,148 :: 		float readVoltage(uint8_t adcChannel)
;Bubble_sensor_OCB100.c,150 :: 		return ADC_Read(adcChannel) * (5.0 / 1023.0);
0x030F	0x1283      	BCF        STATUS, 5
0x0310	0x083D      	MOVF       FARG_readVoltage_adcChannel, 0
0x0311	0x00BF      	MOVWF      FARG_ADC_Read_channel
0x0312	0x21EE      	CALL       _ADC_Read
0x0313	0x2215      	CALL       _word2double
0x0314	0x300A      	MOVLW      10
0x0315	0x00F4      	MOVWF      R4
0x0316	0x3028      	MOVLW      40
0x0317	0x00F5      	MOVWF      R4+1
0x0318	0x3020      	MOVLW      32
0x0319	0x00F6      	MOVWF      R4+2
0x031A	0x3077      	MOVLW      119
0x031B	0x00F7      	MOVWF      R4+3
0x031C	0x218D      	CALL       _Mul_32x32_FP
;Bubble_sensor_OCB100.c,151 :: 		}
L_end_readVoltage:
0x031D	0x0008      	RETURN
; end of _readVoltage
_double2int:
;__Lib_MathDouble.c,1391 :: 		
;__Lib_MathDouble.c,1399 :: 		
0x031E	0x1283      	BCF        STATUS, 5
;__Lib_MathDouble.c,1400 :: 		
0x031F	0x1303      	BCF        STATUS, 6
;__Lib_MathDouble.c,1402 :: 		
0x0320	0x01FB      	CLRF       R11
;__Lib_MathDouble.c,1403 :: 		
0x0321	0x0873      	MOVF       R3, 0
;__Lib_MathDouble.c,1404 :: 		
0x0322	0x1903      	BTFSC      STATUS, 2
;__Lib_MathDouble.c,1405 :: 		
0x0323	0x2B5B      	GOTO       IRES016
;__Lib_MathDouble.c,1407 :: 		
0x0324	0x0872      	MOVF       R2, 0
;__Lib_MathDouble.c,1408 :: 		
0x0325	0x00FA      	MOVWF      R10
;__Lib_MathDouble.c,1409 :: 		
0x0326	0x17F2      	BSF        R2, 7
;__Lib_MathDouble.c,1411 :: 		
0x0327	0x308E      	MOVLW      142
;__Lib_MathDouble.c,1412 :: 		
0x0328	0x02F3      	SUBWF      R3, 1
;__Lib_MathDouble.c,1413 :: 		
0x0329	0x1FF3      	BTFSS      R3, 7
;__Lib_MathDouble.c,1414 :: 		
0x032A	0x2B5E      	GOTO       SETIOV16
;__Lib_MathDouble.c,1415 :: 		
0x032B	0x09F3      	COMF       R3, 1
;__Lib_MathDouble.c,1416 :: 		
0x032C	0x0AF3      	INCF       R3, 1
;__Lib_MathDouble.c,1418 :: 		
0x032D	0x3008      	MOVLW      8
;__Lib_MathDouble.c,1419 :: 		
0x032E	0x0273      	SUBWF      R3, 0
;__Lib_MathDouble.c,1420 :: 		
0x032F	0x1C03      	BTFSS      STATUS, 0
;__Lib_MathDouble.c,1421 :: 		
0x0330	0x2B41      	GOTO       TSHIFT3216
;__Lib_MathDouble.c,1422 :: 		
0x0331	0x00F3      	MOVWF      R3
;__Lib_MathDouble.c,1423 :: 		
0x0332	0x0DF1      	RLF        R1, 1
;__Lib_MathDouble.c,1424 :: 		
0x0333	0x0872      	MOVF       R2, 0
;__Lib_MathDouble.c,1425 :: 		
0x0334	0x00F1      	MOVWF      R1
;__Lib_MathDouble.c,1426 :: 		
0x0335	0x01F2      	CLRF       R2
;__Lib_MathDouble.c,1428 :: 		
0x0336	0x3008      	MOVLW      8
;__Lib_MathDouble.c,1429 :: 		
0x0337	0x0273      	SUBWF      R3, 0
;__Lib_MathDouble.c,1430 :: 		
0x0338	0x1C03      	BTFSS      STATUS, 0
;__Lib_MathDouble.c,1431 :: 		
0x0339	0x2B41      	GOTO       TSHIFT3216
;__Lib_MathDouble.c,1432 :: 		
0x033A	0x00F3      	MOVWF      R3
;__Lib_MathDouble.c,1433 :: 		
0x033B	0x0DF1      	RLF        R1, 1
;__Lib_MathDouble.c,1434 :: 		
0x033C	0x01F1      	CLRF       R1
;__Lib_MathDouble.c,1436 :: 		
0x033D	0x0873      	MOVF       R3, 0
;__Lib_MathDouble.c,1437 :: 		
0x033E	0x1D03      	BTFSS      STATUS, 2
;__Lib_MathDouble.c,1438 :: 		
0x033F	0x1003      	BCF        STATUS, 0
;__Lib_MathDouble.c,1439 :: 		
0x0340	0x2B49      	GOTO       SHIFT3216OK
;__Lib_MathDouble.c,1440 :: 		
TSHIFT3216:
;__Lib_MathDouble.c,1441 :: 		
0x0341	0x0873      	MOVF       R3, 0
;__Lib_MathDouble.c,1442 :: 		
0x0342	0x1903      	BTFSC      STATUS, 2
;__Lib_MathDouble.c,1443 :: 		
0x0343	0x2B49      	GOTO       SHIFT3216OK
;__Lib_MathDouble.c,1444 :: 		
SHIFT3216:
;__Lib_MathDouble.c,1445 :: 		
0x0344	0x1003      	BCF        STATUS, 0
;__Lib_MathDouble.c,1446 :: 		
0x0345	0x0CF2      	RRF        R2, 1
;__Lib_MathDouble.c,1447 :: 		
0x0346	0x0CF1      	RRF        R1, 1
;__Lib_MathDouble.c,1448 :: 		
0x0347	0x0BF3      	DECFSZ     R3, 1
;__Lib_MathDouble.c,1449 :: 		
0x0348	0x2B44      	GOTO       SHIFT3216
;__Lib_MathDouble.c,1450 :: 		
SHIFT3216OK:
;__Lib_MathDouble.c,1451 :: 		
0x0349	0x1B7B      	BTFSC      R11, 6
;__Lib_MathDouble.c,1452 :: 		
0x034A	0x1C71      	BTFSS      R1, 0
;__Lib_MathDouble.c,1453 :: 		
0x034B	0x2B53      	GOTO       INT3216OK
;__Lib_MathDouble.c,1454 :: 		
0x034C	0x1C03      	BTFSS      STATUS, 0
;__Lib_MathDouble.c,1455 :: 		
0x034D	0x2B53      	GOTO       INT3216OK
;__Lib_MathDouble.c,1456 :: 		
0x034E	0x0AF1      	INCF       R1, 1
;__Lib_MathDouble.c,1457 :: 		
0x034F	0x1903      	BTFSC      STATUS, 2
;__Lib_MathDouble.c,1458 :: 		
0x0350	0x0AF2      	INCF       R2, 1
;__Lib_MathDouble.c,1459 :: 		
0x0351	0x1BF2      	BTFSC      R2, 7
;__Lib_MathDouble.c,1460 :: 		
0x0352	0x2B6A      	GOTO       JPJSETIOV3224
;__Lib_MathDouble.c,1461 :: 		
INT3216OK:
;__Lib_MathDouble.c,1462 :: 		
0x0353	0x1FFA      	BTFSS      R10, 7
;__Lib_MathDouble.c,1463 :: 		
0x0354	0x2B6D      	GOTO       INT3216EOK
;__Lib_MathDouble.c,1465 :: 		
0x0355	0x09F2      	COMF       R2, 1
;__Lib_MathDouble.c,1466 :: 		
0x0356	0x09F1      	COMF       R1, 1
;__Lib_MathDouble.c,1467 :: 		
0x0357	0x0AF1      	INCF       R1, 1
;__Lib_MathDouble.c,1468 :: 		
0x0358	0x1903      	BTFSC      STATUS, 2
;__Lib_MathDouble.c,1469 :: 		
0x0359	0x0AF2      	INCF       R2, 1
;__Lib_MathDouble.c,1470 :: 		
0x035A	0x2B6D      	GOTO       INT3216EOK
;__Lib_MathDouble.c,1472 :: 		
IRES016:
;__Lib_MathDouble.c,1473 :: 		
0x035B	0x01F2      	CLRF       R2
;__Lib_MathDouble.c,1474 :: 		
0x035C	0x01F1      	CLRF       R1
;__Lib_MathDouble.c,1475 :: 		
0x035D	0x2B6D      	GOTO       INT3216EOK
;__Lib_MathDouble.c,1476 :: 		
SETIOV16:
;__Lib_MathDouble.c,1477 :: 		
0x035E	0x147B      	BSF        R11, 0
;__Lib_MathDouble.c,1478 :: 		
0x035F	0x1FFB      	BTFSS      R11, 7
;__Lib_MathDouble.c,1479 :: 		
0x0360	0x2B70      	GOTO       INT3216EER
;__Lib_MathDouble.c,1481 :: 		
0x0361	0x01F2      	CLRF       R2
;__Lib_MathDouble.c,1482 :: 		
0x0362	0x1FFA      	BTFSS      R10, 7
;__Lib_MathDouble.c,1483 :: 		
0x0363	0x2B70      	GOTO       INT3216EER
;__Lib_MathDouble.c,1484 :: 		
0x0364	0x30FF      	MOVLW      255
;__Lib_MathDouble.c,1485 :: 		
0x0365	0x00F2      	MOVWF      R2
;__Lib_MathDouble.c,1486 :: 		
0x0366	0x00F1      	MOVWF      R1
;__Lib_MathDouble.c,1487 :: 		
0x0367	0x0DFA      	RLF        R10, 1
;__Lib_MathDouble.c,1488 :: 		
0x0368	0x0CF2      	RRF        R2, 1
;__Lib_MathDouble.c,1489 :: 		
0x0369	0x2B70      	GOTO       INT3216EER
;__Lib_MathDouble.c,1491 :: 		
JPJSETIOV3224:
;__Lib_MathDouble.c,1492 :: 		
0x036A	0x3001      	MOVLW      1
;__Lib_MathDouble.c,1493 :: 		
0x036B	0x00FC      	MOVWF      R12
;__Lib_MathDouble.c,1494 :: 		
0x036C	0x2B72      	GOTO       INT3216EEE
;__Lib_MathDouble.c,1495 :: 		
INT3216EOK:
;__Lib_MathDouble.c,1496 :: 		
0x036D	0x3000      	MOVLW      0
;__Lib_MathDouble.c,1497 :: 		
0x036E	0x00FC      	MOVWF      R12
;__Lib_MathDouble.c,1498 :: 		
0x036F	0x2B72      	GOTO       INT3216EEE
;__Lib_MathDouble.c,1499 :: 		
INT3216EER:
;__Lib_MathDouble.c,1500 :: 		
0x0370	0x30FF      	MOVLW      255
;__Lib_MathDouble.c,1501 :: 		
0x0371	0x00FC      	MOVWF      R12
;__Lib_MathDouble.c,1502 :: 		
INT3216EEE:
;__Lib_MathDouble.c,1505 :: 		
0x0372	0x08FC      	MOVF       R12, 1
;__Lib_MathDouble.c,1507 :: 		
0x0373	0x1903      	BTFSC      STATUS, 2
;__Lib_MathDouble.c,1508 :: 		
0x0374	0x2B76      	GOTO       L_Double2Int_0
;__Lib_MathDouble.c,1510 :: 		
0x0375	0x20B5      	CALL       _SETIOV3224
;__Lib_MathDouble.c,1512 :: 		
L_Double2Int_0:
;__Lib_MathDouble.c,1513 :: 		
0x0376	0x0871      	MOVF       R1, 0
;__Lib_MathDouble.c,1514 :: 		
0x0377	0x00F0      	MOVWF      R0
;__Lib_MathDouble.c,1515 :: 		
0x0378	0x0872      	MOVF       R2, 0
;__Lib_MathDouble.c,1516 :: 		
0x0379	0x00F1      	MOVWF      R1
;__Lib_MathDouble.c,1520 :: 		
L_end_double2int:
0x037A	0x0008      	RETURN
; end of _double2int
_calibrate:
;Bubble_sensor_OCB100.c,84 :: 		void calibrate(void)
;Bubble_sensor_OCB100.c,86 :: 		i = 0;
0x037B	0x1283      	BCF        STATUS, 5
0x037C	0x01B3      	CLRF       _i
;Bubble_sensor_OCB100.c,87 :: 		LED1_PIN = 0;
0x037D	0x1085      	BCF        GPIO, 1
;Bubble_sensor_OCB100.c,88 :: 		LED2_PIN = 0;
0x037E	0x1285      	BCF        GPIO, 5
;Bubble_sensor_OCB100.c,89 :: 		dutyCycle = 0;
0x037F	0x01B1      	CLRF       _dutyCycle
0x0380	0x01B2      	CLRF       _dutyCycle+1
;Bubble_sensor_OCB100.c,91 :: 		calibrationSuccess  = false;               // Flag for successful calibration
0x0381	0x01A6      	CLRF       _calibrationSuccess
;Bubble_sensor_OCB100.c,92 :: 		closest_voltage = 0;              // Store the closest voltage to the target
0x0382	0x01A2      	CLRF       _closest_voltage
0x0383	0x01A3      	CLRF       _closest_voltage+1
0x0384	0x01A4      	CLRF       _closest_voltage+2
0x0385	0x01A5      	CLRF       _closest_voltage+3
;Bubble_sensor_OCB100.c,93 :: 		closest_dutyCycle = 0;     // Store the duty cycle for the closest voltage
0x0386	0x01AB      	CLRF       _closest_dutyCycle
0x0387	0x01AC      	CLRF       _closest_dutyCycle+1
;Bubble_sensor_OCB100.c,95 :: 		target_voltage = readVoltage(4);  // Read the target voltage from ADC channel 4
0x0388	0x3004      	MOVLW      4
0x0389	0x00BD      	MOVWF      FARG_readVoltage_adcChannel
0x038A	0x230F      	CALL       _readVoltage
0x038B	0x0870      	MOVF       R0, 0
0x038C	0x00A7      	MOVWF      _target_voltage
0x038D	0x0871      	MOVF       R0+1, 0
0x038E	0x00A8      	MOVWF      _target_voltage+1
0x038F	0x0872      	MOVF       R0+2, 0
0x0390	0x00A9      	MOVWF      _target_voltage+2
0x0391	0x0873      	MOVF       R0+3, 0
0x0392	0x00AA      	MOVWF      _target_voltage+3
;Bubble_sensor_OCB100.c,99 :: 		while (i < MAX_CAL_ATTEMPTS)
L_calibrate5:
0x0393	0x3096      	MOVLW      150
0x0394	0x0233      	SUBWF      _i, 0
0x0395	0x1803      	BTFSC      STATUS, 0
0x0396	0x2C76      	GOTO       L_calibrate6
;Bubble_sensor_OCB100.c,102 :: 		PWM1_set_Duty(dutyCycle);
0x0397	0x0831      	MOVF       _dutyCycle, 0
0x0398	0x00BD      	MOVWF      FARG_PWM1_Set_Duty_new_duty
0x0399	0x2286      	CALL       _PWM1_Set_Duty
;Bubble_sensor_OCB100.c,103 :: 		Delay_ms(30);
0x039A	0x3027      	MOVLW      39
0x039B	0x00FC      	MOVWF      R12
0x039C	0x30F5      	MOVLW      245
0x039D	0x00FD      	MOVWF      R13
L_calibrate7:
0x039E	0x0BFD      	DECFSZ     R13, 1
0x039F	0x2B9E      	GOTO       L_calibrate7
0x03A0	0x0BFC      	DECFSZ     R12, 1
0x03A1	0x2B9E      	GOTO       L_calibrate7
;Bubble_sensor_OCB100.c,106 :: 		voltage = readVoltage(0);  // Read the voltage from ADC channel 0
0x03A2	0x01BD      	CLRF       FARG_readVoltage_adcChannel
0x03A3	0x230F      	CALL       _readVoltage
0x03A4	0x0870      	MOVF       R0, 0
0x03A5	0x00AD      	MOVWF      _voltage
0x03A6	0x0871      	MOVF       R0+1, 0
0x03A7	0x00AE      	MOVWF      _voltage+1
0x03A8	0x0872      	MOVF       R0+2, 0
0x03A9	0x00AF      	MOVWF      _voltage+2
0x03AA	0x0873      	MOVF       R0+3, 0
0x03AB	0x00B0      	MOVWF      _voltage+3
;Bubble_sensor_OCB100.c,109 :: 		if (abs(target_voltage - voltage) < abs(target_voltage - closest_voltage) || i == 0)
0x03AC	0x0870      	MOVF       R0, 0
0x03AD	0x00F4      	MOVWF      R4
0x03AE	0x0871      	MOVF       R0+1, 0
0x03AF	0x00F5      	MOVWF      R4+1
0x03B0	0x0872      	MOVF       R0+2, 0
0x03B1	0x00F6      	MOVWF      R4+2
0x03B2	0x0873      	MOVF       R0+3, 0
0x03B3	0x00F7      	MOVWF      R4+3
0x03B4	0x0827      	MOVF       _target_voltage, 0
0x03B5	0x00F0      	MOVWF      R0
0x03B6	0x0828      	MOVF       _target_voltage+1, 0
0x03B7	0x00F1      	MOVWF      R0+1
0x03B8	0x0829      	MOVF       _target_voltage+2, 0
0x03B9	0x00F2      	MOVWF      R0+2
0x03BA	0x082A      	MOVF       _target_voltage+3, 0
0x03BB	0x00F3      	MOVWF      R0+3
0x03BC	0x2269      	CALL       _Sub_32x32_FP
0x03BD	0x231E      	CALL       _double2int
0x03BE	0x0870      	MOVF       R0, 0
0x03BF	0x00BD      	MOVWF      FARG_abs_a
0x03C0	0x0871      	MOVF       R0+1, 0
0x03C1	0x00BE      	MOVWF      FARG_abs_a+1
0x03C2	0x224F      	CALL       _abs
0x03C3	0x0870      	MOVF       R0, 0
0x03C4	0x00B9      	MOVWF      FLOC__calibrate
0x03C5	0x0871      	MOVF       R0+1, 0
0x03C6	0x00BA      	MOVWF      FLOC__calibrate+1
0x03C7	0x0822      	MOVF       _closest_voltage, 0
0x03C8	0x00F4      	MOVWF      R4
0x03C9	0x0823      	MOVF       _closest_voltage+1, 0
0x03CA	0x00F5      	MOVWF      R4+1
0x03CB	0x0824      	MOVF       _closest_voltage+2, 0
0x03CC	0x00F6      	MOVWF      R4+2
0x03CD	0x0825      	MOVF       _closest_voltage+3, 0
0x03CE	0x00F7      	MOVWF      R4+3
0x03CF	0x0827      	MOVF       _target_voltage, 0
0x03D0	0x00F0      	MOVWF      R0
0x03D1	0x0828      	MOVF       _target_voltage+1, 0
0x03D2	0x00F1      	MOVWF      R0+1
0x03D3	0x0829      	MOVF       _target_voltage+2, 0
0x03D4	0x00F2      	MOVWF      R0+2
0x03D5	0x082A      	MOVF       _target_voltage+3, 0
0x03D6	0x00F3      	MOVWF      R0+3
0x03D7	0x2269      	CALL       _Sub_32x32_FP
0x03D8	0x231E      	CALL       _double2int
0x03D9	0x0870      	MOVF       R0, 0
0x03DA	0x00BD      	MOVWF      FARG_abs_a
0x03DB	0x0871      	MOVF       R0+1, 0
0x03DC	0x00BE      	MOVWF      FARG_abs_a+1
0x03DD	0x224F      	CALL       _abs
0x03DE	0x3080      	MOVLW      128
0x03DF	0x063A      	XORWF      FLOC__calibrate+1, 0
0x03E0	0x00F2      	MOVWF      R2
0x03E1	0x3080      	MOVLW      128
0x03E2	0x0671      	XORWF      R0+1, 0
0x03E3	0x0272      	SUBWF      R2, 0
0x03E4	0x1D03      	BTFSS      STATUS, 2
0x03E5	0x2BE8      	GOTO       L__calibrate26
0x03E6	0x0870      	MOVF       R0, 0
0x03E7	0x0239      	SUBWF      FLOC__calibrate, 0
L__calibrate26:
0x03E8	0x1C03      	BTFSS      STATUS, 0
0x03E9	0x2BEF      	GOTO       L__calibrate22
0x03EA	0x0833      	MOVF       _i, 0
0x03EB	0x3A00      	XORLW      0
0x03EC	0x1903      	BTFSC      STATUS, 2
0x03ED	0x2BEF      	GOTO       L__calibrate22
0x03EE	0x2BFB      	GOTO       L_calibrate10
L__calibrate22:
;Bubble_sensor_OCB100.c,111 :: 		closest_voltage = voltage;
0x03EF	0x082D      	MOVF       _voltage, 0
0x03F0	0x00A2      	MOVWF      _closest_voltage
0x03F1	0x082E      	MOVF       _voltage+1, 0
0x03F2	0x00A3      	MOVWF      _closest_voltage+1
0x03F3	0x082F      	MOVF       _voltage+2, 0
0x03F4	0x00A4      	MOVWF      _closest_voltage+2
0x03F5	0x0830      	MOVF       _voltage+3, 0
0x03F6	0x00A5      	MOVWF      _closest_voltage+3
;Bubble_sensor_OCB100.c,112 :: 		closest_dutyCycle = dutyCycle;
0x03F7	0x0831      	MOVF       _dutyCycle, 0
0x03F8	0x00AB      	MOVWF      _closest_dutyCycle
0x03F9	0x0832      	MOVF       _dutyCycle+1, 0
0x03FA	0x00AC      	MOVWF      _closest_dutyCycle+1
;Bubble_sensor_OCB100.c,113 :: 		}
L_calibrate10:
;Bubble_sensor_OCB100.c,116 :: 		if (voltage < target_voltage) {
0x03FB	0x0827      	MOVF       _target_voltage, 0
0x03FC	0x00F4      	MOVWF      R4
0x03FD	0x0828      	MOVF       _target_voltage+1, 0
0x03FE	0x00F5      	MOVWF      R4+1
0x03FF	0x0829      	MOVF       _target_voltage+2, 0
0x0400	0x00F6      	MOVWF      R4+2
0x0401	0x082A      	MOVF       _target_voltage+3, 0
0x0402	0x00F7      	MOVWF      R4+3
0x0403	0x082D      	MOVF       _voltage, 0
0x0404	0x00F0      	MOVWF      R0
0x0405	0x082E      	MOVF       _voltage+1, 0
0x0406	0x00F1      	MOVWF      R0+1
0x0407	0x082F      	MOVF       _voltage+2, 0
0x0408	0x00F2      	MOVWF      R0+2
0x0409	0x0830      	MOVF       _voltage+3, 0
0x040A	0x00F3      	MOVWF      R0+3
0x040B	0x22BF      	CALL       _Compare_Double
0x040C	0x3001      	MOVLW      1
0x040D	0x1803      	BTFSC      STATUS, 0
0x040E	0x3000      	MOVLW      0
0x040F	0x00F0      	MOVWF      R0
0x0410	0x0870      	MOVF       R0, 0
0x0411	0x1903      	BTFSC      STATUS, 2
0x0412	0x2C17      	GOTO       L_calibrate11
;Bubble_sensor_OCB100.c,117 :: 		dutyCycle++; // Increase duty cycle
0x0413	0x0AB1      	INCF       _dutyCycle, 1
0x0414	0x1903      	BTFSC      STATUS, 2
0x0415	0x0AB2      	INCF       _dutyCycle+1, 1
;Bubble_sensor_OCB100.c,118 :: 		}
0x0416	0x2C74      	GOTO       L_calibrate12
L_calibrate11:
;Bubble_sensor_OCB100.c,119 :: 		else if (voltage > target_voltage) {
0x0417	0x082D      	MOVF       _voltage, 0
0x0418	0x00F4      	MOVWF      R4
0x0419	0x082E      	MOVF       _voltage+1, 0
0x041A	0x00F5      	MOVWF      R4+1
0x041B	0x082F      	MOVF       _voltage+2, 0
0x041C	0x00F6      	MOVWF      R4+2
0x041D	0x0830      	MOVF       _voltage+3, 0
0x041E	0x00F7      	MOVWF      R4+3
0x041F	0x0827      	MOVF       _target_voltage, 0
0x0420	0x00F0      	MOVWF      R0
0x0421	0x0828      	MOVF       _target_voltage+1, 0
0x0422	0x00F1      	MOVWF      R0+1
0x0423	0x0829      	MOVF       _target_voltage+2, 0
0x0424	0x00F2      	MOVWF      R0+2
0x0425	0x082A      	MOVF       _target_voltage+3, 0
0x0426	0x00F3      	MOVWF      R0+3
0x0427	0x22BF      	CALL       _Compare_Double
0x0428	0x3001      	MOVLW      1
0x0429	0x1803      	BTFSC      STATUS, 0
0x042A	0x3000      	MOVLW      0
0x042B	0x00F0      	MOVWF      R0
0x042C	0x0870      	MOVF       R0, 0
0x042D	0x1903      	BTFSC      STATUS, 2
0x042E	0x2C74      	GOTO       L_calibrate13
;Bubble_sensor_OCB100.c,121 :: 		if (abs(target_voltage - closest_voltage) < abs(target_voltage - voltage)) {
0x042F	0x0822      	MOVF       _closest_voltage, 0
0x0430	0x00F4      	MOVWF      R4
0x0431	0x0823      	MOVF       _closest_voltage+1, 0
0x0432	0x00F5      	MOVWF      R4+1
0x0433	0x0824      	MOVF       _closest_voltage+2, 0
0x0434	0x00F6      	MOVWF      R4+2
0x0435	0x0825      	MOVF       _closest_voltage+3, 0
0x0436	0x00F7      	MOVWF      R4+3
0x0437	0x0827      	MOVF       _target_voltage, 0
0x0438	0x00F0      	MOVWF      R0
0x0439	0x0828      	MOVF       _target_voltage+1, 0
0x043A	0x00F1      	MOVWF      R0+1
0x043B	0x0829      	MOVF       _target_voltage+2, 0
0x043C	0x00F2      	MOVWF      R0+2
0x043D	0x082A      	MOVF       _target_voltage+3, 0
0x043E	0x00F3      	MOVWF      R0+3
0x043F	0x2269      	CALL       _Sub_32x32_FP
0x0440	0x231E      	CALL       _double2int
0x0441	0x0870      	MOVF       R0, 0
0x0442	0x00BD      	MOVWF      FARG_abs_a
0x0443	0x0871      	MOVF       R0+1, 0
0x0444	0x00BE      	MOVWF      FARG_abs_a+1
0x0445	0x224F      	CALL       _abs
0x0446	0x0870      	MOVF       R0, 0
0x0447	0x00B9      	MOVWF      FLOC__calibrate
0x0448	0x0871      	MOVF       R0+1, 0
0x0449	0x00BA      	MOVWF      FLOC__calibrate+1
0x044A	0x082D      	MOVF       _voltage, 0
0x044B	0x00F4      	MOVWF      R4
0x044C	0x082E      	MOVF       _voltage+1, 0
0x044D	0x00F5      	MOVWF      R4+1
0x044E	0x082F      	MOVF       _voltage+2, 0
0x044F	0x00F6      	MOVWF      R4+2
0x0450	0x0830      	MOVF       _voltage+3, 0
0x0451	0x00F7      	MOVWF      R4+3
0x0452	0x0827      	MOVF       _target_voltage, 0
0x0453	0x00F0      	MOVWF      R0
0x0454	0x0828      	MOVF       _target_voltage+1, 0
0x0455	0x00F1      	MOVWF      R0+1
0x0456	0x0829      	MOVF       _target_voltage+2, 0
0x0457	0x00F2      	MOVWF      R0+2
0x0458	0x082A      	MOVF       _target_voltage+3, 0
0x0459	0x00F3      	MOVWF      R0+3
0x045A	0x2269      	CALL       _Sub_32x32_FP
0x045B	0x231E      	CALL       _double2int
0x045C	0x0870      	MOVF       R0, 0
0x045D	0x00BD      	MOVWF      FARG_abs_a
0x045E	0x0871      	MOVF       R0+1, 0
0x045F	0x00BE      	MOVWF      FARG_abs_a+1
0x0460	0x224F      	CALL       _abs
0x0461	0x3080      	MOVLW      128
0x0462	0x063A      	XORWF      FLOC__calibrate+1, 0
0x0463	0x00F2      	MOVWF      R2
0x0464	0x3080      	MOVLW      128
0x0465	0x0671      	XORWF      R0+1, 0
0x0466	0x0272      	SUBWF      R2, 0
0x0467	0x1D03      	BTFSS      STATUS, 2
0x0468	0x2C6B      	GOTO       L__calibrate27
0x0469	0x0870      	MOVF       R0, 0
0x046A	0x0239      	SUBWF      FLOC__calibrate, 0
L__calibrate27:
0x046B	0x1803      	BTFSC      STATUS, 0
0x046C	0x2C70      	GOTO       L_calibrate14
;Bubble_sensor_OCB100.c,122 :: 		calibrationSuccess  = true;
0x046D	0x3001      	MOVLW      1
0x046E	0x00A6      	MOVWF      _calibrationSuccess
;Bubble_sensor_OCB100.c,123 :: 		break; // Stop further adjustments if closest is found
0x046F	0x2C76      	GOTO       L_calibrate6
;Bubble_sensor_OCB100.c,124 :: 		}
L_calibrate14:
;Bubble_sensor_OCB100.c,126 :: 		dutyCycle--; // Decrease duty cycle
0x0470	0x3001      	MOVLW      1
0x0471	0x02B1      	SUBWF      _dutyCycle, 1
0x0472	0x1C03      	BTFSS      STATUS, 0
0x0473	0x03B2      	DECF       _dutyCycle+1, 1
;Bubble_sensor_OCB100.c,128 :: 		}
L_calibrate13:
L_calibrate12:
;Bubble_sensor_OCB100.c,130 :: 		i++;
0x0474	0x0AB3      	INCF       _i, 1
;Bubble_sensor_OCB100.c,131 :: 		}
0x0475	0x2B93      	GOTO       L_calibrate5
L_calibrate6:
;Bubble_sensor_OCB100.c,134 :: 		PWM1_set_Duty(closest_dutyCycle);
0x0476	0x082B      	MOVF       _closest_dutyCycle, 0
0x0477	0x00BD      	MOVWF      FARG_PWM1_Set_Duty_new_duty
0x0478	0x2286      	CALL       _PWM1_Set_Duty
;Bubble_sensor_OCB100.c,136 :: 		if (calibrationSuccess  == true) {
0x0479	0x0826      	MOVF       _calibrationSuccess, 0
0x047A	0x3A01      	XORLW      1
0x047B	0x1D03      	BTFSS      STATUS, 2
0x047C	0x2C9A      	GOTO       L_calibrate16
;Bubble_sensor_OCB100.c,138 :: 		for (i = 0; i < 4; i++) {
0x047D	0x01B3      	CLRF       _i
L_calibrate17:
0x047E	0x3004      	MOVLW      4
0x047F	0x0233      	SUBWF      _i, 0
0x0480	0x1803      	BTFSC      STATUS, 0
0x0481	0x2C94      	GOTO       L_calibrate18
;Bubble_sensor_OCB100.c,139 :: 		LED2_PIN = !LED2_PIN;
0x0482	0x3020      	MOVLW      32
0x0483	0x0685      	XORWF      GPIO, 1
;Bubble_sensor_OCB100.c,140 :: 		Delay_ms(250);
0x0484	0x3002      	MOVLW      2
0x0485	0x00FB      	MOVWF      R11
0x0486	0x3045      	MOVLW      69
0x0487	0x00FC      	MOVWF      R12
0x0488	0x30A9      	MOVLW      169
0x0489	0x00FD      	MOVWF      R13
L_calibrate20:
0x048A	0x0BFD      	DECFSZ     R13, 1
0x048B	0x2C8A      	GOTO       L_calibrate20
0x048C	0x0BFC      	DECFSZ     R12, 1
0x048D	0x2C8A      	GOTO       L_calibrate20
0x048E	0x0BFB      	DECFSZ     R11, 1
0x048F	0x2C8A      	GOTO       L_calibrate20
0x0490	0x0000      	NOP
0x0491	0x0000      	NOP
;Bubble_sensor_OCB100.c,138 :: 		for (i = 0; i < 4; i++) {
0x0492	0x0AB3      	INCF       _i, 1
;Bubble_sensor_OCB100.c,141 :: 		}
0x0493	0x2C7E      	GOTO       L_calibrate17
L_calibrate18:
;Bubble_sensor_OCB100.c,142 :: 		EEPROM_Write(NVM_ADDRESS, dutyCycle);
0x0494	0x3002      	MOVLW      2
0x0495	0x00BD      	MOVWF      FARG_EEPROM_Write_Address
0x0496	0x0831      	MOVF       _dutyCycle, 0
0x0497	0x00BE      	MOVWF      FARG_EEPROM_Write_data_
0x0498	0x222B      	CALL       _EEPROM_Write
;Bubble_sensor_OCB100.c,143 :: 		} else {
0x0499	0x2C9C      	GOTO       L_calibrate21
L_calibrate16:
;Bubble_sensor_OCB100.c,144 :: 		LED1_PIN = 1;  // Turn on LED1 to indicate failure
0x049A	0x1283      	BCF        STATUS, 5
0x049B	0x1485      	BSF        GPIO, 1
;Bubble_sensor_OCB100.c,145 :: 		}
L_calibrate21:
;Bubble_sensor_OCB100.c,146 :: 		}
L_end_calibrate:
0x049C	0x0008      	RETURN
; end of _calibrate
_EEPROM_Read:
;__Lib_EEPROM.c,4 :: 		
;__Lib_EEPROM.c,5 :: 		
0x049D	0x1283      	BCF        STATUS, 5
0x049E	0x0839      	MOVF       FARG_EEPROM_Read_Address, 0
0x049F	0x1683      	BSF        STATUS, 5
0x04A0	0x009B      	MOVWF      EEADR
;__Lib_EEPROM.c,6 :: 		
0x04A1	0x139C      	BCF        EECON1, 7
;__Lib_EEPROM.c,12 :: 		
0x04A2	0x141C      	BSF        EECON1, 0
;__Lib_EEPROM.c,13 :: 		
0x04A3	0x081A      	MOVF       EEDATA, 0
0x04A4	0x00F0      	MOVWF      R0
;__Lib_EEPROM.c,14 :: 		
L_end_EEPROM_Read:
0x04A5	0x0008      	RETURN
; end of _EEPROM_Read
_PWM1_Init:
;__Lib_PWM_gpio2.c,4 :: 		
;__Lib_PWM_gpio2.c,5 :: 		
;__Lib_PWM_gpio2.c,6 :: 		
0x04A6	0x1283      	BCF        STATUS, 5
0x04A7	0x0193      	CLRF       CCPR1L
;__Lib_PWM_gpio2.c,7 :: 		
0x04A8	0x1215      	BCF        CCP1CON, 4
;__Lib_PWM_gpio2.c,8 :: 		
0x04A9	0x1295      	BCF        CCP1CON, 5
;__Lib_PWM_gpio2.c,9 :: 		
L_end_PWM1_Init:
0x04AA	0x0008      	RETURN
; end of _PWM1_Init
_init:
;Bubble_sensor_OCB100.c,65 :: 		void init(void)
;Bubble_sensor_OCB100.c,67 :: 		TRISIO = 0b00011001; // GP0 and GP3 as inputs, others as outputs
0x04AB	0x3019      	MOVLW      25
0x04AC	0x1683      	BSF        STATUS, 5
0x04AD	0x0085      	MOVWF      TRISIO
;Bubble_sensor_OCB100.c,68 :: 		ANSEL  = 0b00010001;  // AN0, AN4 (GP0 & GP4) as analog input
0x04AE	0x3011      	MOVLW      17
0x04AF	0x009F      	MOVWF      ANSEL
;Bubble_sensor_OCB100.c,69 :: 		CMCON0 = 0x07;       // Disable comparators
0x04B0	0x3007      	MOVLW      7
0x04B1	0x1283      	BCF        STATUS, 5
0x04B2	0x0099      	MOVWF      CMCON0
;Bubble_sensor_OCB100.c,70 :: 		ADC_Init();          // Initialize ADC
0x04B3	0x226F      	CALL       _ADC_Init
;Bubble_sensor_OCB100.c,71 :: 		LED1_PIN = 0;
0x04B4	0x1085      	BCF        GPIO, 1
;Bubble_sensor_OCB100.c,72 :: 		LED2_PIN = 0;
0x04B5	0x1285      	BCF        GPIO, 5
;Bubble_sensor_OCB100.c,73 :: 		}
L_end_init:
0x04B6	0x0008      	RETURN
; end of _init
___CC2DW:
;__Lib_System.c,134 :: 		
;__Lib_System.c,137 :: 		
_CC2D_Loop1:
;__Lib_System.c,139 :: 		
0x04B7	0x2249      	CALL       _____DoICP
0x04B8	0x118A      	BCF        PCLATH, 3
0x04B9	0x120A      	BCF        PCLATH, 4
;__Lib_System.c,141 :: 		
0x04BA	0x0080      	MOVWF      INDF
;__Lib_System.c,142 :: 		
0x04BB	0x0A84      	INCF       FSR, 1
;__Lib_System.c,143 :: 		
0x04BC	0x0AB7      	INCF       ___DoICPAddr, 1
;__Lib_System.c,145 :: 		
0x04BD	0x1903      	BTFSC      STATUS, 2
;__Lib_System.c,146 :: 		
0x04BE	0x0AB8      	INCF       ___DoICPAddr+1, 1
;__Lib_System.c,147 :: 		
0x04BF	0x03F0      	DECF       R0, 1
;__Lib_System.c,149 :: 		
0x04C0	0x1D03      	BTFSS      STATUS, 2
;__Lib_System.c,150 :: 		
0x04C1	0x2CB7      	GOTO       _CC2D_Loop1
;__Lib_System.c,152 :: 		
L_end___CC2DW:
0x04C2	0x0008      	RETURN
; end of ___CC2DW
_PWM1_Start:
;__Lib_PWM_gpio2.c,22 :: 		
;__Lib_PWM_gpio2.c,23 :: 		
0x04C3	0x1683      	BSF        STATUS, 5
0x04C4	0x1105      	BCF        TRISIO2_bit, BitPos(TRISIO2_bit+0)
;__Lib_PWM_gpio2.c,24 :: 		
0x04C5	0x1283      	BCF        STATUS, 5
0x04C6	0x1512      	BSF        T2CON, 2
;__Lib_PWM_gpio2.c,25 :: 		
0x04C7	0x300C      	MOVLW      12
0x04C8	0x0495      	IORWF      CCP1CON, 1
;__Lib_PWM_gpio2.c,26 :: 		
L_end_PWM1_Start:
0x04C9	0x0008      	RETURN
; end of _PWM1_Start
_main:
0x04CA	0x2508      	CALL       1288
;Bubble_sensor_OCB100.c,43 :: 		void main(void)
;Bubble_sensor_OCB100.c,45 :: 		init();
0x04CB	0x24AB      	CALL       _init
;Bubble_sensor_OCB100.c,48 :: 		dutyCycle = EEPROM_Read(NVM_ADDRESS);
0x04CC	0x3002      	MOVLW      2
0x04CD	0x00B9      	MOVWF      FARG_EEPROM_Read_Address
0x04CE	0x249D      	CALL       _EEPROM_Read
0x04CF	0x0870      	MOVF       R0, 0
0x04D0	0x1283      	BCF        STATUS, 5
0x04D1	0x00B1      	MOVWF      _dutyCycle
0x04D2	0x01B2      	CLRF       _dutyCycle+1
;Bubble_sensor_OCB100.c,50 :: 		PWM1_Init(PWM_FREQ);
0x04D3	0x1012      	BCF        T2CON, 0
0x04D4	0x1092      	BCF        T2CON, 1
0x04D5	0x3063      	MOVLW      99
0x04D6	0x1683      	BSF        STATUS, 5
0x04D7	0x0092      	MOVWF      PR2
0x04D8	0x24A6      	CALL       _PWM1_Init
;Bubble_sensor_OCB100.c,51 :: 		PWM1_set_Duty(dutyCycle); // 0 to 255
0x04D9	0x0831      	MOVF       _dutyCycle, 0
0x04DA	0x00BD      	MOVWF      FARG_PWM1_Set_Duty_new_duty
0x04DB	0x2286      	CALL       _PWM1_Set_Duty
;Bubble_sensor_OCB100.c,52 :: 		PWM1_Start();
0x04DC	0x24C3      	CALL       _PWM1_Start
;Bubble_sensor_OCB100.c,54 :: 		while (1)
L_main0:
0x04DD	0x1283      	BCF        STATUS, 5
;Bubble_sensor_OCB100.c,56 :: 		if (CALI_PIN == 0) {
0x04DE	0x1985      	BTFSC      GPIO, 3
0x04DF	0x2CED      	GOTO       L_main2
;Bubble_sensor_OCB100.c,57 :: 		Delay_ms(10); // Short debounce delay
0x04E0	0x300D      	MOVLW      13
0x04E1	0x00FC      	MOVWF      R12
0x04E2	0x30FB      	MOVLW      251
0x04E3	0x00FD      	MOVWF      R13
L_main3:
0x04E4	0x0BFD      	DECFSZ     R13, 1
0x04E5	0x2CE4      	GOTO       L_main3
0x04E6	0x0BFC      	DECFSZ     R12, 1
0x04E7	0x2CE4      	GOTO       L_main3
0x04E8	0x0000      	NOP
0x04E9	0x0000      	NOP
;Bubble_sensor_OCB100.c,58 :: 		if (CALI_PIN == 0) {
0x04EA	0x1985      	BTFSC      GPIO, 3
0x04EB	0x2CED      	GOTO       L_main4
;Bubble_sensor_OCB100.c,59 :: 		calibrate();
0x04EC	0x237B      	CALL       _calibrate
;Bubble_sensor_OCB100.c,60 :: 		}
L_main4:
;Bubble_sensor_OCB100.c,61 :: 		}
L_main2:
;Bubble_sensor_OCB100.c,62 :: 		}
0x04ED	0x2CDD      	GOTO       L_main0
;Bubble_sensor_OCB100.c,63 :: 		}
L_end_main:
0x04EE	0x2CEE      	GOTO       $+0
; end of _main
0x0508	0x3021      	MOVLW      33
0x0509	0x0084      	MOVWF      FSR
0x050A	0x3013      	MOVLW      19
0x050B	0x1283      	BCF        STATUS, 5
0x050C	0x00F0      	MOVWF      R0
0x050D	0x30F4      	MOVLW      244
0x050E	0x00B7      	MOVWF      ___DoICPAddr
0x050F	0x3004      	MOVLW      4
0x0510	0x00B8      	MOVWF      56
0x0511	0x24B7      	CALL       1207
0x0512	0x0008      	RETURN
;__Lib_ADC_A_E.c,0 :: ?ICS_vref_mask
0x04F4	0x3440 ;?ICS_vref_mask+0
; end of ?ICS_vref_mask
;Bubble_sensor_OCB100.c,0 :: ?ICS_closest_voltage
0x04F5	0x3400 ;?ICS_closest_voltage+0
0x04F6	0x3400 ;?ICS_closest_voltage+1
0x04F7	0x3400 ;?ICS_closest_voltage+2
0x04F8	0x3400 ;?ICS_closest_voltage+3
; end of ?ICS_closest_voltage
;Bubble_sensor_OCB100.c,0 :: ?ICS_calibrationSuccess
0x04F9	0x3400 ;?ICS_calibrationSuccess+0
; end of ?ICS_calibrationSuccess
;Bubble_sensor_OCB100.c,0 :: ?ICS_target_voltage
0x04FA	0x3400 ;?ICS_target_voltage+0
0x04FB	0x3400 ;?ICS_target_voltage+1
0x04FC	0x3400 ;?ICS_target_voltage+2
0x04FD	0x3400 ;?ICS_target_voltage+3
; end of ?ICS_target_voltage
;Bubble_sensor_OCB100.c,0 :: ?ICS_closest_dutyCycle
0x04FE	0x3400 ;?ICS_closest_dutyCycle+0
0x04FF	0x3400 ;?ICS_closest_dutyCycle+1
; end of ?ICS_closest_dutyCycle
;Bubble_sensor_OCB100.c,0 :: ?ICS_voltage
0x0500	0x3400 ;?ICS_voltage+0
0x0501	0x3400 ;?ICS_voltage+1
0x0502	0x3400 ;?ICS_voltage+2
0x0503	0x3400 ;?ICS_voltage+3
; end of ?ICS_voltage
;Bubble_sensor_OCB100.c,0 :: ?ICS_dutyCycle
0x0504	0x3400 ;?ICS_dutyCycle+0
0x0505	0x3400 ;?ICS_dutyCycle+1
; end of ?ICS_dutyCycle
;Bubble_sensor_OCB100.c,0 :: ?ICS_i
0x0506	0x3400 ;?ICS_i+0
; end of ?ICS_i
Symbol List:
//** Routines locations **
//ADDRESS    SIZE    PROCEDURE
//----------------------------------------------
0x0003       [7]    _RES032
0x000A      [12]    _SETFUN32
0x0016       [4]    _FIXSIGN32
0x001A      [12]    _SETFOV32
0x0026       [6]    _Delay_22us
0x002C      [47]    _NRM3232
0x005B      [90]    _NRM4032
0x00B5      [13]    _SETIOV3224
0x00C2      [43]    _Mul_16X16_U
0x00ED     [160]    _Add_32x32_FP
0x018D      [97]    _Mul_32x32_FP
0x01EE      [39]    _ADC_Read
0x0215      [22]    _word2double
0x022B      [30]    _EEPROM_Write
0x0249       [6]    _____DoICP
0x024F      [26]    _abs
0x0269       [6]    _Sub_32x32_FP
0x026F      [23]    _ADC_Init
0x0286      [57]    _PWM1_Set_Duty
0x02BF      [80]    _Compare_Double
0x030F      [15]    _readVoltage
0x031E      [93]    _double2int
0x037B     [290]    _calibrate
0x049D       [9]    _EEPROM_Read
0x04A6       [5]    _PWM1_Init
0x04AB      [12]    _init
0x04B7      [12]    ___CC2DW
0x04C3       [7]    _PWM1_Start
0x04CA      [36]    _main
//** Variables locations ** 
//ADDRESS    SIZE    VARIABLE
//----------------------------------------------
0x0000       [1]    INDF
0x0002       [1]    PCL
0x0003       [1]    STATUS
0x0004       [1]    FSR
0x0005       [0]    LED1_PIN
0x0005       [0]    CALI_PIN
0x0005       [1]    GPIO
0x0005       [0]    LED2_PIN
0x000A       [1]    PCLATH
0x000B       [1]    INTCON
0x0012       [1]    T2CON
0x0013       [1]    CCPR1L
0x0015       [1]    CCP1CON
0x0019       [1]    CMCON0
0x001E       [1]    ADRESH
0x001F       [1]    ADCON0
0x0020       [1]    __math_tempbD
0x0021       [1]    _vref_mask
0x0022       [4]    _closest_voltage
0x0026       [1]    _calibrationSuccess
0x0027       [4]    _target_voltage
0x002B       [2]    _closest_dutyCycle
0x002D       [4]    _voltage
0x0031       [2]    _dutyCycle
0x0033       [1]    _i
0x0034       [3]    _ADC_Get_Sample_Ptr
0x0037       [2]    ___DoICPAddr
0x0039       [1]    FARG_EEPROM_Read_Address
0x0039       [4]    FARG_PWM1_Init_PWM_Freq
0x0039       [2]    FLOC__calibrate
0x003D       [2]    FARG_abs_a
0x003D       [1]    FARG_PWM1_Set_Duty_new_duty
0x003D       [1]    FARG_readVoltage_adcChannel
0x003D       [1]    FARG_EEPROM_Write_Address
0x003E       [1]    FARG_EEPROM_Write_data_
0x003F       [1]    FARG_ADC_Read_channel
0x0070       [1]    R0
0x0071       [1]    R1
0x0072       [1]    R2
0x0073       [1]    R3
0x0074       [1]    R4
0x0075       [1]    R5
0x0076       [1]    R6
0x0077       [1]    R7
0x0078       [1]    R8
0x0079       [1]    R9
0x007A       [1]    R10
0x007B       [1]    R11
0x007C       [1]    R12
0x007D       [1]    R13
0x007E       [1]    R14
0x007F       [1]    R15
0x0085       [0]    TRISIO2_bit
0x0085       [1]    TRISIO
0x0092       [1]    PR2
0x009A       [1]    EEDATA
0x009B       [1]    EEADR
0x009C       [1]    EECON1
0x009D       [1]    EECON2
0x009E       [1]    ADRESL
0x009F       [1]    ANSEL
//** Constants locations ** 
//ADDRESS    SIZE    CONSTANT
//----------------------------------------------
0x04F4       [1]    ?ICS_vref_mask
0x04F5       [4]    ?ICS_closest_voltage
0x04F9       [1]    ?ICS_calibrationSuccess
0x04FA       [4]    ?ICS_target_voltage
0x04FE       [2]    ?ICS_closest_dutyCycle
0x0500       [4]    ?ICS_voltage
0x0504       [2]    ?ICS_dutyCycle
0x0506       [1]    ?ICS_i
